{"C:\\Users\\Oisin\\Documents\\GitHub\\prescript-io\\App.js": {"path":"C:\\Users\\Oisin\\Documents\\GitHub\\prescript-io\\App.js","statementMap":{"0":{"start":{"line":21,"column":0},"end":{"line":21,"column":32}},"1":{"start":{"line":22,"column":17},"end":{"line":59,"column":1}},"2":{"start":{"line":26,"column":44},"end":{"line":29,"column":7}},"3":{"start":{"line":28,"column":83},"end":{"line":28,"column":108}},"4":{"start":{"line":33,"column":44},"end":{"line":36,"column":7}},"5":{"start":{"line":35,"column":83},"end":{"line":35,"column":108}},"6":{"start":{"line":40,"column":44},"end":{"line":43,"column":7}},"7":{"start":{"line":42,"column":83},"end":{"line":42,"column":108}},"8":{"start":{"line":47,"column":44},"end":{"line":49,"column":7}},"9":{"start":{"line":48,"column":83},"end":{"line":48,"column":108}},"10":{"start":{"line":53,"column":44},"end":{"line":56,"column":7}},"11":{"start":{"line":55,"column":83},"end":{"line":55,"column":108}},"12":{"start":{"line":61,"column":24},"end":{"line":72,"column":4}},"13":{"start":{"line":74,"column":19},"end":{"line":98,"column":1}},"14":{"start":{"line":100,"column":18},"end":{"line":118,"column":1}},"15":{"start":{"line":120,"column":21},"end":{"line":120,"column":50}},"16":{"start":{"line":122,"column":14},"end":{"line":124,"column":1}},"17":{"start":{"line":126,"column":0},"end":{"line":126,"column":57}},"18":{"start":{"line":129,"column":4},"end":{"line":129,"column":17}},"19":{"start":{"line":130,"column":4},"end":{"line":133,"column":5}},"20":{"start":{"line":137,"column":4},"end":{"line":146,"column":5}},"21":{"start":{"line":138,"column":6},"end":{"line":145,"column":8}},"22":{"start":{"line":141,"column":26},"end":{"line":141,"column":62}},"23":{"start":{"line":148,"column":4},"end":{"line":157,"column":5}},"24":{"start":{"line":149,"column":6},"end":{"line":156,"column":8}},"25":{"start":{"line":159,"column":4},"end":{"line":163,"column":6}},"26":{"start":{"line":166,"column":31},"end":{"line":169,"column":3}},"27":{"start":{"line":167,"column":16},"end":{"line":167,"column":46}},"28":{"start":{"line":168,"column":4},"end":{"line":168,"column":49}},"29":{"start":{"line":171,"column":25},"end":{"line":184,"column":3}},"30":{"start":{"line":172,"column":4},"end":{"line":172,"column":24}},"31":{"start":{"line":173,"column":19},"end":{"line":176,"column":5}},"32":{"start":{"line":178,"column":24},"end":{"line":180,"column":6}},"33":{"start":{"line":179,"column":6},"end":{"line":179,"column":53}},"34":{"start":{"line":182,"column":4},"end":{"line":182,"column":35}},"35":{"start":{"line":183,"column":4},"end":{"line":183,"column":38}}},"fnMap":{"0":{"name":"(anonymous_0)","decl":{"start":{"line":26,"column":25},"end":{"line":26,"column":26}},"loc":{"start":{"line":26,"column":44},"end":{"line":29,"column":7}},"line":26},"1":{"name":"(anonymous_1)","decl":{"start":{"line":28,"column":77},"end":{"line":28,"column":78}},"loc":{"start":{"line":28,"column":83},"end":{"line":28,"column":108}},"line":28},"2":{"name":"(anonymous_2)","decl":{"start":{"line":33,"column":25},"end":{"line":33,"column":26}},"loc":{"start":{"line":33,"column":44},"end":{"line":36,"column":7}},"line":33},"3":{"name":"(anonymous_3)","decl":{"start":{"line":35,"column":77},"end":{"line":35,"column":78}},"loc":{"start":{"line":35,"column":83},"end":{"line":35,"column":108}},"line":35},"4":{"name":"(anonymous_4)","decl":{"start":{"line":40,"column":25},"end":{"line":40,"column":26}},"loc":{"start":{"line":40,"column":44},"end":{"line":43,"column":7}},"line":40},"5":{"name":"(anonymous_5)","decl":{"start":{"line":42,"column":77},"end":{"line":42,"column":78}},"loc":{"start":{"line":42,"column":83},"end":{"line":42,"column":108}},"line":42},"6":{"name":"(anonymous_6)","decl":{"start":{"line":47,"column":25},"end":{"line":47,"column":26}},"loc":{"start":{"line":47,"column":44},"end":{"line":49,"column":7}},"line":47},"7":{"name":"(anonymous_7)","decl":{"start":{"line":48,"column":77},"end":{"line":48,"column":78}},"loc":{"start":{"line":48,"column":83},"end":{"line":48,"column":108}},"line":48},"8":{"name":"(anonymous_8)","decl":{"start":{"line":53,"column":25},"end":{"line":53,"column":26}},"loc":{"start":{"line":53,"column":44},"end":{"line":56,"column":7}},"line":53},"9":{"name":"(anonymous_9)","decl":{"start":{"line":55,"column":77},"end":{"line":55,"column":78}},"loc":{"start":{"line":55,"column":83},"end":{"line":55,"column":108}},"line":55},"10":{"name":"(anonymous_10)","decl":{"start":{"line":128,"column":2},"end":{"line":128,"column":3}},"loc":{"start":{"line":128,"column":21},"end":{"line":134,"column":3}},"line":128},"11":{"name":"(anonymous_11)","decl":{"start":{"line":136,"column":2},"end":{"line":136,"column":3}},"loc":{"start":{"line":136,"column":11},"end":{"line":164,"column":3}},"line":136},"12":{"name":"(anonymous_12)","decl":{"start":{"line":141,"column":20},"end":{"line":141,"column":21}},"loc":{"start":{"line":141,"column":26},"end":{"line":141,"column":62}},"line":141},"13":{"name":"(anonymous_13)","decl":{"start":{"line":166,"column":31},"end":{"line":166,"column":32}},"loc":{"start":{"line":166,"column":43},"end":{"line":169,"column":3}},"line":166},"14":{"name":"(anonymous_14)","decl":{"start":{"line":171,"column":25},"end":{"line":171,"column":26}},"loc":{"start":{"line":171,"column":37},"end":{"line":184,"column":3}},"line":171},"15":{"name":"(anonymous_15)","decl":{"start":{"line":178,"column":35},"end":{"line":178,"column":36}},"loc":{"start":{"line":178,"column":44},"end":{"line":180,"column":5}},"line":178}},"branchMap":{"0":{"loc":{"start":{"line":137,"column":4},"end":{"line":146,"column":5}},"type":"if","locations":[{"start":{"line":137,"column":4},"end":{"line":146,"column":5}},{"start":{"line":137,"column":4},"end":{"line":146,"column":5}}],"line":137},"1":{"loc":{"start":{"line":148,"column":4},"end":{"line":157,"column":5}},"type":"if","locations":[{"start":{"line":148,"column":4},"end":{"line":157,"column":5}},{"start":{"line":148,"column":4},"end":{"line":157,"column":5}}],"line":148}},"s":{"0":0,"1":0,"2":0,"3":0,"4":0,"5":0,"6":0,"7":0,"8":0,"9":0,"10":0,"11":0,"12":0,"13":0,"14":0,"15":0,"16":0,"17":0,"18":0,"19":0,"20":0,"21":0,"22":0,"23":0,"24":0,"25":0,"26":0,"27":0,"28":0,"29":0,"30":0,"31":0,"32":0,"33":0,"34":0,"35":0},"f":{"0":0,"1":0,"2":0,"3":0,"4":0,"5":0,"6":0,"7":0,"8":0,"9":0,"10":0,"11":0,"12":0,"13":0,"14":0,"15":0},"b":{"0":[0,0],"1":[0,0]},"hash":"cde8b25b6564fb3fb0a5f492fb5493cafd259766"}
,"C:\\Users\\Oisin\\Documents\\GitHub\\prescript-io\\firebaseConfig.js": {"path":"C:\\Users\\Oisin\\Documents\\GitHub\\prescript-io\\firebaseConfig.js","statementMap":{"0":{"start":{"line":4,"column":23},"end":{"line":13,"column":1}},"1":{"start":{"line":15,"column":0},"end":{"line":15,"column":39}},"2":{"start":{"line":17,"column":18},"end":{"line":17,"column":38}}},"fnMap":{},"branchMap":{},"s":{"0":3,"1":3,"2":3},"f":{},"b":{},"_coverageSchema":"43e27e138ebf9cfc5966b082cf9a028302ed4184","hash":"cbb95b8a362c08f8205cc5f8a244413a450afe03"}
,"C:\\Users\\Oisin\\Documents\\GitHub\\prescript-io\\setup-tests.js": {"path":"C:\\Users\\Oisin\\Documents\\GitHub\\prescript-io\\setup-tests.js","statementMap":{"0":{"start":{"line":6,"column":18},"end":{"line":6,"column":34}},"1":{"start":{"line":8,"column":14},"end":{"line":8,"column":68}},"2":{"start":{"line":9,"column":19},"end":{"line":9,"column":24}},"3":{"start":{"line":12,"column":2},"end":{"line":15,"column":5}},"4":{"start":{"line":18,"column":0},"end":{"line":18,"column":23}},"5":{"start":{"line":19,"column":0},"end":{"line":19,"column":34}},"6":{"start":{"line":20,"column":0},"end":{"line":22,"column":2}},"7":{"start":{"line":23,"column":0},"end":{"line":23,"column":26}},"8":{"start":{"line":25,"column":0},"end":{"line":25,"column":45}}},"fnMap":{"0":{"name":"copyProps","decl":{"start":{"line":11,"column":9},"end":{"line":11,"column":18}},"loc":{"start":{"line":11,"column":32},"end":{"line":16,"column":1}},"line":11}},"branchMap":{},"s":{"0":0,"1":0,"2":0,"3":0,"4":0,"5":0,"6":0,"7":0,"8":0},"f":{"0":0},"b":{},"hash":"846c100b1b7f9bc87df9ee0b1b73e232c999a4ae"}
,"C:\\Users\\Oisin\\Documents\\GitHub\\prescript-io\\components\\Login\\Login.js": {"path":"C:\\Users\\Oisin\\Documents\\GitHub\\prescript-io\\components\\Login\\Login.js","statementMap":{"0":{"start":{"line":23,"column":20},"end":{"line":32,"column":2}},"1":{"start":{"line":34,"column":0},"end":{"line":34,"column":46}},"2":{"start":{"line":37,"column":4},"end":{"line":37,"column":17}},"3":{"start":{"line":38,"column":4},"end":{"line":44,"column":5}},"4":{"start":{"line":48,"column":4},"end":{"line":48,"column":31}},"5":{"start":{"line":51,"column":24},"end":{"line":67,"column":3}},"6":{"start":{"line":52,"column":4},"end":{"line":66,"column":7}},"7":{"start":{"line":53,"column":6},"end":{"line":65,"column":7}},"8":{"start":{"line":54,"column":8},"end":{"line":58,"column":11}},"9":{"start":{"line":59,"column":8},"end":{"line":59,"column":49}},"10":{"start":{"line":61,"column":8},"end":{"line":64,"column":11}},"11":{"start":{"line":70,"column":4},"end":{"line":70,"column":60}},"12":{"start":{"line":73,"column":15},"end":{"line":85,"column":3}},"13":{"start":{"line":74,"column":4},"end":{"line":84,"column":9}},"14":{"start":{"line":87,"column":16},"end":{"line":101,"column":3}},"15":{"start":{"line":88,"column":4},"end":{"line":100,"column":9}},"16":{"start":{"line":92,"column":8},"end":{"line":94,"column":11}},"17":{"start":{"line":95,"column":8},"end":{"line":95,"column":50}},"18":{"start":{"line":96,"column":8},"end":{"line":96,"column":56}},"19":{"start":{"line":99,"column":8},"end":{"line":99,"column":65}},"20":{"start":{"line":104,"column":32},"end":{"line":104,"column":42}},"21":{"start":{"line":105,"column":60},"end":{"line":105,"column":70}},"22":{"start":{"line":106,"column":4},"end":{"line":106,"column":44}},"23":{"start":{"line":107,"column":4},"end":{"line":107,"column":47}},"24":{"start":{"line":108,"column":4},"end":{"line":184,"column":5}},"25":{"start":{"line":118,"column":42},"end":{"line":118,"column":66}},"26":{"start":{"line":130,"column":18},"end":{"line":166,"column":25}},"27":{"start":{"line":170,"column":80},"end":{"line":170,"column":111}},"28":{"start":{"line":174,"column":80},"end":{"line":174,"column":116}}},"fnMap":{"0":{"name":"(anonymous_0)","decl":{"start":{"line":36,"column":2},"end":{"line":36,"column":3}},"loc":{"start":{"line":36,"column":21},"end":{"line":45,"column":3}},"line":36},"1":{"name":"(anonymous_1)","decl":{"start":{"line":47,"column":2},"end":{"line":47,"column":3}},"loc":{"start":{"line":47,"column":22},"end":{"line":49,"column":3}},"line":47},"2":{"name":"(anonymous_2)","decl":{"start":{"line":51,"column":24},"end":{"line":51,"column":25}},"loc":{"start":{"line":51,"column":30},"end":{"line":67,"column":3}},"line":51},"3":{"name":"(anonymous_3)","decl":{"start":{"line":52,"column":67},"end":{"line":52,"column":68}},"loc":{"start":{"line":52,"column":77},"end":{"line":66,"column":5}},"line":52},"4":{"name":"(anonymous_4)","decl":{"start":{"line":69,"column":2},"end":{"line":69,"column":3}},"loc":{"start":{"line":69,"column":25},"end":{"line":71,"column":3}},"line":69},"5":{"name":"(anonymous_5)","decl":{"start":{"line":73,"column":15},"end":{"line":73,"column":16}},"loc":{"start":{"line":73,"column":21},"end":{"line":85,"column":3}},"line":73},"6":{"name":"(anonymous_6)","decl":{"start":{"line":87,"column":16},"end":{"line":87,"column":17}},"loc":{"start":{"line":87,"column":28},"end":{"line":101,"column":3}},"line":87},"7":{"name":"(anonymous_7)","decl":{"start":{"line":91,"column":12},"end":{"line":91,"column":13}},"loc":{"start":{"line":91,"column":22},"end":{"line":97,"column":7}},"line":91},"8":{"name":"(anonymous_8)","decl":{"start":{"line":98,"column":13},"end":{"line":98,"column":14}},"loc":{"start":{"line":98,"column":24},"end":{"line":100,"column":7}},"line":98},"9":{"name":"(anonymous_9)","decl":{"start":{"line":103,"column":2},"end":{"line":103,"column":3}},"loc":{"start":{"line":103,"column":11},"end":{"line":185,"column":3}},"line":103},"10":{"name":"(anonymous_10)","decl":{"start":{"line":118,"column":32},"end":{"line":118,"column":33}},"loc":{"start":{"line":118,"column":42},"end":{"line":118,"column":66}},"line":118},"11":{"name":"(anonymous_11)","decl":{"start":{"line":120,"column":17},"end":{"line":120,"column":18}},"loc":{"start":{"line":130,"column":18},"end":{"line":166,"column":25}},"line":130},"12":{"name":"(anonymous_12)","decl":{"start":{"line":170,"column":74},"end":{"line":170,"column":75}},"loc":{"start":{"line":170,"column":80},"end":{"line":170,"column":111}},"line":170},"13":{"name":"(anonymous_13)","decl":{"start":{"line":174,"column":74},"end":{"line":174,"column":75}},"loc":{"start":{"line":174,"column":80},"end":{"line":174,"column":116}},"line":174}},"branchMap":{"0":{"loc":{"start":{"line":53,"column":6},"end":{"line":65,"column":7}},"type":"if","locations":[{"start":{"line":53,"column":6},"end":{"line":65,"column":7}},{"start":{"line":53,"column":6},"end":{"line":65,"column":7}}],"line":53},"1":{"loc":{"start":{"line":70,"column":4},"end":{"line":70,"column":60}},"type":"binary-expr","locations":[{"start":{"line":70,"column":4},"end":{"line":70,"column":29}},{"start":{"line":70,"column":33},"end":{"line":70,"column":60}}],"line":70},"2":{"loc":{"start":{"line":109,"column":63},"end":{"line":109,"column":103}},"type":"cond-expr","locations":[{"start":{"line":109,"column":87},"end":{"line":109,"column":96}},{"start":{"line":109,"column":99},"end":{"line":109,"column":103}}],"line":109},"3":{"loc":{"start":{"line":110,"column":9},"end":{"line":182,"column":37}},"type":"cond-expr","locations":[{"start":{"line":111,"column":12},"end":{"line":111,"column":31}},{"start":{"line":112,"column":12},"end":{"line":182,"column":37}}],"line":110},"4":{"loc":{"start":{"line":110,"column":9},"end":{"line":110,"column":36}},"type":"binary-expr","locations":[{"start":{"line":110,"column":9},"end":{"line":110,"column":18}},{"start":{"line":110,"column":22},"end":{"line":110,"column":36}}],"line":110},"5":{"loc":{"start":{"line":141,"column":46},"end":{"line":141,"column":75}},"type":"binary-expr","locations":[{"start":{"line":141,"column":46},"end":{"line":141,"column":59}},{"start":{"line":141,"column":63},"end":{"line":141,"column":75}}],"line":141},"6":{"loc":{"start":{"line":155,"column":46},"end":{"line":155,"column":81}},"type":"binary-expr","locations":[{"start":{"line":155,"column":46},"end":{"line":155,"column":62}},{"start":{"line":155,"column":66},"end":{"line":155,"column":81}}],"line":155},"7":{"loc":{"start":{"line":157,"column":21},"end":{"line":157,"column":82}},"type":"cond-expr","locations":[{"start":{"line":157,"column":29},"end":{"line":157,"column":70}},{"start":{"line":157,"column":73},"end":{"line":157,"column":82}}],"line":157},"8":{"loc":{"start":{"line":165,"column":21},"end":{"line":165,"column":83}},"type":"cond-expr","locations":[{"start":{"line":165,"column":29},"end":{"line":165,"column":71}},{"start":{"line":165,"column":74},"end":{"line":165,"column":83}}],"line":165},"9":{"loc":{"start":{"line":178,"column":15},"end":{"line":180,"column":27}},"type":"cond-expr","locations":[{"start":{"line":179,"column":18},"end":{"line":179,"column":114}},{"start":{"line":180,"column":18},"end":{"line":180,"column":27}}],"line":178},"10":{"loc":{"start":{"line":178,"column":15},"end":{"line":178,"column":94}},"type":"binary-expr","locations":[{"start":{"line":178,"column":15},"end":{"line":178,"column":38}},{"start":{"line":178,"column":42},"end":{"line":178,"column":94}}],"line":178}},"s":{"0":3,"1":3,"2":6,"3":6,"4":6,"5":6,"6":6,"7":4,"8":0,"9":0,"10":4,"11":0,"12":6,"13":0,"14":6,"15":0,"16":0,"17":0,"18":0,"19":0,"20":13,"21":13,"22":13,"23":13,"24":13,"25":0,"26":0,"27":0,"28":0},"f":{"0":6,"1":6,"2":6,"3":4,"4":0,"5":0,"6":0,"7":0,"8":0,"9":13,"10":0,"11":0,"12":0,"13":0},"b":{"0":[0,4],"1":[0,0],"2":[4,9],"3":[9,4],"4":[13,9],"5":[0,0],"6":[0,0],"7":[0,0],"8":[0,0],"9":[0,0],"10":[4,0]},"_coverageSchema":"43e27e138ebf9cfc5966b082cf9a028302ed4184","hash":"d75ba5f7b208df830b93177dbbf850229990c2a3"}
,"C:\\Users\\Oisin\\Documents\\GitHub\\prescript-io\\components\\Prescriptions\\AddPrescriptionModal.js": {"path":"C:\\Users\\Oisin\\Documents\\GitHub\\prescript-io\\components\\Prescriptions\\AddPrescriptionModal.js","statementMap":{"0":{"start":{"line":20,"column":20},"end":{"line":45,"column":2}},"1":{"start":{"line":47,"column":20},"end":{"line":58,"column":1}},"2":{"start":{"line":48,"column":2},"end":{"line":57,"column":9}},"3":{"start":{"line":60,"column":0},"end":{"line":60,"column":46}},"4":{"start":{"line":63,"column":4},"end":{"line":63,"column":17}},"5":{"start":{"line":64,"column":4},"end":{"line":67,"column":5}},"6":{"start":{"line":71,"column":94},"end":{"line":71,"column":104}},"7":{"start":{"line":72,"column":4},"end":{"line":197,"column":5}},"8":{"start":{"line":81,"column":16},"end":{"line":81,"column":38}},"9":{"start":{"line":95,"column":46},"end":{"line":95,"column":75}},"10":{"start":{"line":107,"column":22},"end":{"line":182,"column":29}},"11":{"start":{"line":187,"column":20},"end":{"line":187,"column":42}}},"fnMap":{"0":{"name":"(anonymous_0)","decl":{"start":{"line":47,"column":20},"end":{"line":47,"column":21}},"loc":{"start":{"line":48,"column":2},"end":{"line":57,"column":9}},"line":48},"1":{"name":"(anonymous_1)","decl":{"start":{"line":62,"column":2},"end":{"line":62,"column":3}},"loc":{"start":{"line":62,"column":21},"end":{"line":68,"column":3}},"line":62},"2":{"name":"(anonymous_2)","decl":{"start":{"line":70,"column":2},"end":{"line":70,"column":3}},"loc":{"start":{"line":70,"column":11},"end":{"line":198,"column":3}},"line":70},"3":{"name":"(anonymous_3)","decl":{"start":{"line":80,"column":30},"end":{"line":80,"column":31}},"loc":{"start":{"line":80,"column":36},"end":{"line":82,"column":15}},"line":80},"4":{"name":"(anonymous_4)","decl":{"start":{"line":95,"column":36},"end":{"line":95,"column":37}},"loc":{"start":{"line":95,"column":46},"end":{"line":95,"column":75}},"line":95},"5":{"name":"(anonymous_5)","decl":{"start":{"line":97,"column":21},"end":{"line":97,"column":22}},"loc":{"start":{"line":107,"column":22},"end":{"line":182,"column":29}},"line":107},"6":{"name":"(anonymous_6)","decl":{"start":{"line":186,"column":35},"end":{"line":186,"column":36}},"loc":{"start":{"line":186,"column":41},"end":{"line":188,"column":19}},"line":186}},"branchMap":{"0":{"loc":{"start":{"line":73,"column":63},"end":{"line":73,"column":103}},"type":"cond-expr","locations":[{"start":{"line":73,"column":87},"end":{"line":73,"column":96}},{"start":{"line":73,"column":99},"end":{"line":73,"column":103}}],"line":73},"1":{"loc":{"start":{"line":116,"column":50},"end":{"line":116,"column":85}},"type":"binary-expr","locations":[{"start":{"line":116,"column":50},"end":{"line":116,"column":66}},{"start":{"line":116,"column":70},"end":{"line":116,"column":85}}],"line":116},"2":{"loc":{"start":{"line":126,"column":50},"end":{"line":126,"column":81}},"type":"binary-expr","locations":[{"start":{"line":126,"column":50},"end":{"line":126,"column":64}},{"start":{"line":126,"column":68},"end":{"line":126,"column":81}}],"line":126},"3":{"loc":{"start":{"line":136,"column":50},"end":{"line":136,"column":77}},"type":"binary-expr","locations":[{"start":{"line":136,"column":50},"end":{"line":136,"column":62}},{"start":{"line":136,"column":66},"end":{"line":136,"column":77}}],"line":136},"4":{"loc":{"start":{"line":147,"column":50},"end":{"line":147,"column":95}},"type":"binary-expr","locations":[{"start":{"line":147,"column":50},"end":{"line":147,"column":71}},{"start":{"line":147,"column":75},"end":{"line":147,"column":95}}],"line":147},"5":{"loc":{"start":{"line":158,"column":50},"end":{"line":158,"column":103}},"type":"binary-expr","locations":[{"start":{"line":158,"column":50},"end":{"line":158,"column":75}},{"start":{"line":158,"column":79},"end":{"line":158,"column":103}}],"line":158},"6":{"loc":{"start":{"line":169,"column":50},"end":{"line":169,"column":93}},"type":"binary-expr","locations":[{"start":{"line":169,"column":50},"end":{"line":169,"column":70}},{"start":{"line":169,"column":74},"end":{"line":169,"column":93}}],"line":169},"7":{"loc":{"start":{"line":177,"column":25},"end":{"line":181,"column":37}},"type":"cond-expr","locations":[{"start":{"line":178,"column":28},"end":{"line":180,"column":33}},{"start":{"line":181,"column":28},"end":{"line":181,"column":37}}],"line":177}},"s":{"0":0,"1":0,"2":0,"3":0,"4":0,"5":0,"6":0,"7":0,"8":0,"9":0,"10":0,"11":0},"f":{"0":0,"1":0,"2":0,"3":0,"4":0,"5":0,"6":0},"b":{"0":[0,0],"1":[0,0],"2":[0,0],"3":[0,0],"4":[0,0],"5":[0,0],"6":[0,0],"7":[0,0]},"hash":"9eb00f23e519b6fccbe5ff1967c9fa5ca5483152"}
,"C:\\Users\\Oisin\\Documents\\GitHub\\prescript-io\\components\\Prescriptions\\Prescriptions.js": {"path":"C:\\Users\\Oisin\\Documents\\GitHub\\prescript-io\\components\\Prescriptions\\Prescriptions.js","statementMap":{"0":{"start":{"line":11,"column":0},"end":{"line":11,"column":32}},"1":{"start":{"line":14,"column":4},"end":{"line":14,"column":17}},"2":{"start":{"line":15,"column":4},"end":{"line":27,"column":6}},"3":{"start":{"line":30,"column":22},"end":{"line":32,"column":3}},"4":{"start":{"line":31,"column":4},"end":{"line":31,"column":28}},"5":{"start":{"line":34,"column":35},"end":{"line":40,"column":3}},"6":{"start":{"line":35,"column":4},"end":{"line":39,"column":5}},"7":{"start":{"line":36,"column":6},"end":{"line":36,"column":89}},"8":{"start":{"line":38,"column":6},"end":{"line":38,"column":90}},"9":{"start":{"line":42,"column":26},"end":{"line":74,"column":3}},"10":{"start":{"line":43,"column":15},"end":{"line":43,"column":42}},"11":{"start":{"line":44,"column":85},"end":{"line":44,"column":91}},"12":{"start":{"line":45,"column":25},"end":{"line":45,"column":33}},"13":{"start":{"line":47,"column":23},"end":{"line":57,"column":5}},"14":{"start":{"line":59,"column":4},"end":{"line":73,"column":103}},"15":{"start":{"line":67,"column":8},"end":{"line":69,"column":11}},"16":{"start":{"line":70,"column":8},"end":{"line":70,"column":32}},"17":{"start":{"line":71,"column":8},"end":{"line":71,"column":84}},"18":{"start":{"line":73,"column":22},"end":{"line":73,"column":101}},"19":{"start":{"line":76,"column":29},"end":{"line":95,"column":3}},"20":{"start":{"line":77,"column":15},"end":{"line":77,"column":42}},"21":{"start":{"line":79,"column":4},"end":{"line":94,"column":129}},"22":{"start":{"line":87,"column":8},"end":{"line":90,"column":11}},"23":{"start":{"line":91,"column":8},"end":{"line":91,"column":32}},"24":{"start":{"line":92,"column":8},"end":{"line":92,"column":96}},"25":{"start":{"line":94,"column":22},"end":{"line":94,"column":127}},"26":{"start":{"line":97,"column":23},"end":{"line":107,"column":3}},"27":{"start":{"line":98,"column":4},"end":{"line":106,"column":5}},"28":{"start":{"line":102,"column":37},"end":{"line":102,"column":82}},"29":{"start":{"line":109,"column":21},"end":{"line":122,"column":3}},"30":{"start":{"line":110,"column":15},"end":{"line":110,"column":42}},"31":{"start":{"line":111,"column":4},"end":{"line":121,"column":9}},"32":{"start":{"line":115,"column":8},"end":{"line":117,"column":10}},"33":{"start":{"line":120,"column":8},"end":{"line":120,"column":71}},"34":{"start":{"line":124,"column":27},"end":{"line":155,"column":3}},"35":{"start":{"line":125,"column":4},"end":{"line":134,"column":5}},"36":{"start":{"line":126,"column":6},"end":{"line":133,"column":7}},"37":{"start":{"line":135,"column":15},"end":{"line":135,"column":42}},"38":{"start":{"line":136,"column":23},"end":{"line":138,"column":5}},"39":{"start":{"line":140,"column":4},"end":{"line":154,"column":90}},"40":{"start":{"line":148,"column":8},"end":{"line":150,"column":11}},"41":{"start":{"line":151,"column":8},"end":{"line":151,"column":32}},"42":{"start":{"line":152,"column":8},"end":{"line":152,"column":71}},"43":{"start":{"line":154,"column":22},"end":{"line":154,"column":88}},"44":{"start":{"line":157,"column":17},"end":{"line":191,"column":3}},"45":{"start":{"line":158,"column":20},"end":{"line":158,"column":30}},"46":{"start":{"line":159,"column":4},"end":{"line":190,"column":5}},"47":{"start":{"line":166,"column":38},"end":{"line":168,"column":12}},"48":{"start":{"line":178,"column":45},"end":{"line":178,"column":101}},"49":{"start":{"line":184,"column":45},"end":{"line":184,"column":78}},"50":{"start":{"line":193,"column":26},"end":{"line":207,"column":3}},"51":{"start":{"line":194,"column":4},"end":{"line":206,"column":5}},"52":{"start":{"line":195,"column":6},"end":{"line":198,"column":9}},"53":{"start":{"line":200,"column":6},"end":{"line":205,"column":9}},"54":{"start":{"line":210,"column":32},"end":{"line":210,"column":42}},"55":{"start":{"line":220,"column":8},"end":{"line":220,"column":18}},"56":{"start":{"line":222,"column":4},"end":{"line":224,"column":5}},"57":{"start":{"line":223,"column":6},"end":{"line":223,"column":29}},"58":{"start":{"line":225,"column":4},"end":{"line":281,"column":5}},"59":{"start":{"line":226,"column":6},"end":{"line":280,"column":9}},"60":{"start":{"line":227,"column":8},"end":{"line":279,"column":9}},"61":{"start":{"line":233,"column":27},"end":{"line":233,"column":62}},"62":{"start":{"line":256,"column":37},"end":{"line":256,"column":113}},"63":{"start":{"line":263,"column":51},"end":{"line":263,"column":112}},"64":{"start":{"line":271,"column":37},"end":{"line":271,"column":89}},"65":{"start":{"line":283,"column":4},"end":{"line":321,"column":6}},"66":{"start":{"line":306,"column":39},"end":{"line":306,"column":76}},"67":{"start":{"line":307,"column":38},"end":{"line":307,"column":75}},"68":{"start":{"line":314,"column":37},"end":{"line":314,"column":78}}},"fnMap":{"0":{"name":"(anonymous_0)","decl":{"start":{"line":13,"column":2},"end":{"line":13,"column":3}},"loc":{"start":{"line":13,"column":21},"end":{"line":28,"column":3}},"line":13},"1":{"name":"(anonymous_1)","decl":{"start":{"line":30,"column":22},"end":{"line":30,"column":23}},"loc":{"start":{"line":30,"column":28},"end":{"line":32,"column":3}},"line":30},"2":{"name":"(anonymous_2)","decl":{"start":{"line":34,"column":35},"end":{"line":34,"column":36}},"loc":{"start":{"line":34,"column":48},"end":{"line":40,"column":3}},"line":34},"3":{"name":"(anonymous_3)","decl":{"start":{"line":42,"column":26},"end":{"line":42,"column":27}},"loc":{"start":{"line":42,"column":38},"end":{"line":74,"column":3}},"line":42},"4":{"name":"(anonymous_4)","decl":{"start":{"line":66,"column":12},"end":{"line":66,"column":13}},"loc":{"start":{"line":66,"column":24},"end":{"line":72,"column":7}},"line":66},"5":{"name":"(anonymous_5)","decl":{"start":{"line":73,"column":13},"end":{"line":73,"column":14}},"loc":{"start":{"line":73,"column":22},"end":{"line":73,"column":101}},"line":73},"6":{"name":"(anonymous_6)","decl":{"start":{"line":76,"column":29},"end":{"line":76,"column":30}},"loc":{"start":{"line":76,"column":49},"end":{"line":95,"column":3}},"line":76},"7":{"name":"(anonymous_7)","decl":{"start":{"line":86,"column":12},"end":{"line":86,"column":13}},"loc":{"start":{"line":86,"column":24},"end":{"line":93,"column":7}},"line":86},"8":{"name":"(anonymous_8)","decl":{"start":{"line":94,"column":13},"end":{"line":94,"column":14}},"loc":{"start":{"line":94,"column":22},"end":{"line":94,"column":127}},"line":94},"9":{"name":"(anonymous_9)","decl":{"start":{"line":97,"column":23},"end":{"line":97,"column":24}},"loc":{"start":{"line":97,"column":43},"end":{"line":107,"column":3}},"line":97},"10":{"name":"(anonymous_10)","decl":{"start":{"line":102,"column":31},"end":{"line":102,"column":32}},"loc":{"start":{"line":102,"column":37},"end":{"line":102,"column":82}},"line":102},"11":{"name":"(anonymous_11)","decl":{"start":{"line":109,"column":21},"end":{"line":109,"column":22}},"loc":{"start":{"line":109,"column":27},"end":{"line":122,"column":3}},"line":109},"12":{"name":"(anonymous_12)","decl":{"start":{"line":114,"column":12},"end":{"line":114,"column":13}},"loc":{"start":{"line":114,"column":24},"end":{"line":118,"column":7}},"line":114},"13":{"name":"(anonymous_13)","decl":{"start":{"line":119,"column":13},"end":{"line":119,"column":14}},"loc":{"start":{"line":119,"column":22},"end":{"line":121,"column":7}},"line":119},"14":{"name":"(anonymous_14)","decl":{"start":{"line":124,"column":27},"end":{"line":124,"column":28}},"loc":{"start":{"line":124,"column":47},"end":{"line":155,"column":3}},"line":124},"15":{"name":"(anonymous_15)","decl":{"start":{"line":147,"column":12},"end":{"line":147,"column":13}},"loc":{"start":{"line":147,"column":24},"end":{"line":153,"column":7}},"line":147},"16":{"name":"(anonymous_16)","decl":{"start":{"line":154,"column":13},"end":{"line":154,"column":14}},"loc":{"start":{"line":154,"column":22},"end":{"line":154,"column":88}},"line":154},"17":{"name":"(anonymous_17)","decl":{"start":{"line":157,"column":17},"end":{"line":157,"column":18}},"loc":{"start":{"line":157,"column":23},"end":{"line":191,"column":3}},"line":157},"18":{"name":"(anonymous_18)","decl":{"start":{"line":166,"column":27},"end":{"line":166,"column":28}},"loc":{"start":{"line":166,"column":38},"end":{"line":168,"column":12}},"line":166},"19":{"name":"(anonymous_19)","decl":{"start":{"line":178,"column":39},"end":{"line":178,"column":40}},"loc":{"start":{"line":178,"column":45},"end":{"line":178,"column":101}},"line":178},"20":{"name":"(anonymous_20)","decl":{"start":{"line":184,"column":39},"end":{"line":184,"column":40}},"loc":{"start":{"line":184,"column":45},"end":{"line":184,"column":78}},"line":184},"21":{"name":"(anonymous_21)","decl":{"start":{"line":193,"column":26},"end":{"line":193,"column":27}},"loc":{"start":{"line":193,"column":55},"end":{"line":207,"column":3}},"line":193},"22":{"name":"(anonymous_22)","decl":{"start":{"line":209,"column":2},"end":{"line":209,"column":3}},"loc":{"start":{"line":209,"column":11},"end":{"line":322,"column":3}},"line":209},"23":{"name":"(anonymous_23)","decl":{"start":{"line":226,"column":59},"end":{"line":226,"column":60}},"loc":{"start":{"line":226,"column":84},"end":{"line":280,"column":7}},"line":226},"24":{"name":"(anonymous_24)","decl":{"start":{"line":233,"column":18},"end":{"line":233,"column":19}},"loc":{"start":{"line":233,"column":27},"end":{"line":233,"column":62}},"line":233},"25":{"name":"(anonymous_25)","decl":{"start":{"line":256,"column":31},"end":{"line":256,"column":32}},"loc":{"start":{"line":256,"column":37},"end":{"line":256,"column":113}},"line":256},"26":{"name":"(anonymous_26)","decl":{"start":{"line":263,"column":45},"end":{"line":263,"column":46}},"loc":{"start":{"line":263,"column":51},"end":{"line":263,"column":112}},"line":263},"27":{"name":"(anonymous_27)","decl":{"start":{"line":271,"column":31},"end":{"line":271,"column":32}},"loc":{"start":{"line":271,"column":37},"end":{"line":271,"column":89}},"line":271},"28":{"name":"(anonymous_28)","decl":{"start":{"line":306,"column":33},"end":{"line":306,"column":34}},"loc":{"start":{"line":306,"column":39},"end":{"line":306,"column":76}},"line":306},"29":{"name":"(anonymous_29)","decl":{"start":{"line":307,"column":32},"end":{"line":307,"column":33}},"loc":{"start":{"line":307,"column":38},"end":{"line":307,"column":75}},"line":307},"30":{"name":"(anonymous_30)","decl":{"start":{"line":314,"column":31},"end":{"line":314,"column":32}},"loc":{"start":{"line":314,"column":37},"end":{"line":314,"column":78}},"line":314}},"branchMap":{"0":{"loc":{"start":{"line":35,"column":4},"end":{"line":39,"column":5}},"type":"if","locations":[{"start":{"line":35,"column":4},"end":{"line":39,"column":5}},{"start":{"line":35,"column":4},"end":{"line":39,"column":5}}],"line":35},"1":{"loc":{"start":{"line":125,"column":4},"end":{"line":134,"column":5}},"type":"if","locations":[{"start":{"line":125,"column":4},"end":{"line":134,"column":5}},{"start":{"line":125,"column":4},"end":{"line":134,"column":5}}],"line":125},"2":{"loc":{"start":{"line":172,"column":9},"end":{"line":176,"column":16}},"type":"cond-expr","locations":[{"start":{"line":173,"column":12},"end":{"line":175,"column":17}},{"start":{"line":176,"column":12},"end":{"line":176,"column":16}}],"line":172},"3":{"loc":{"start":{"line":194,"column":4},"end":{"line":206,"column":5}},"type":"if","locations":[{"start":{"line":194,"column":4},"end":{"line":206,"column":5}},{"start":{"line":194,"column":4},"end":{"line":206,"column":5}}],"line":194},"4":{"loc":{"start":{"line":222,"column":4},"end":{"line":224,"column":5}},"type":"if","locations":[{"start":{"line":222,"column":4},"end":{"line":224,"column":5}},{"start":{"line":222,"column":4},"end":{"line":224,"column":5}}],"line":222},"5":{"loc":{"start":{"line":225,"column":4},"end":{"line":281,"column":5}},"type":"if","locations":[{"start":{"line":225,"column":4},"end":{"line":281,"column":5}},{"start":{"line":225,"column":4},"end":{"line":281,"column":5}}],"line":225},"6":{"loc":{"start":{"line":225,"column":8},"end":{"line":225,"column":58}},"type":"binary-expr","locations":[{"start":{"line":225,"column":8},"end":{"line":225,"column":21}},{"start":{"line":225,"column":25},"end":{"line":225,"column":58}}],"line":225},"7":{"loc":{"start":{"line":236,"column":15},"end":{"line":240,"column":22}},"type":"cond-expr","locations":[{"start":{"line":237,"column":18},"end":{"line":239,"column":18}},{"start":{"line":240,"column":18},"end":{"line":240,"column":22}}],"line":236},"8":{"loc":{"start":{"line":260,"column":17},"end":{"line":260,"column":78}},"type":"cond-expr","locations":[{"start":{"line":260,"column":50},"end":{"line":260,"column":64}},{"start":{"line":260,"column":67},"end":{"line":260,"column":78}}],"line":260},"9":{"loc":{"start":{"line":285,"column":9},"end":{"line":319,"column":31}},"type":"cond-expr","locations":[{"start":{"line":286,"column":12},"end":{"line":318,"column":17}},{"start":{"line":319,"column":12},"end":{"line":319,"column":31}}],"line":285},"10":{"loc":{"start":{"line":287,"column":13},"end":{"line":289,"column":94}},"type":"cond-expr","locations":[{"start":{"line":288,"column":16},"end":{"line":288,"column":20}},{"start":{"line":289,"column":16},"end":{"line":289,"column":94}}],"line":287},"11":{"loc":{"start":{"line":287,"column":13},"end":{"line":287,"column":63}},"type":"binary-expr","locations":[{"start":{"line":287,"column":13},"end":{"line":287,"column":26}},{"start":{"line":287,"column":30},"end":{"line":287,"column":63}}],"line":287},"12":{"loc":{"start":{"line":291,"column":13},"end":{"line":298,"column":20}},"type":"cond-expr","locations":[{"start":{"line":292,"column":16},"end":{"line":297,"column":27}},{"start":{"line":298,"column":16},"end":{"line":298,"column":20}}],"line":291},"13":{"loc":{"start":{"line":291,"column":13},"end":{"line":291,"column":63}},"type":"binary-expr","locations":[{"start":{"line":291,"column":13},"end":{"line":291,"column":26}},{"start":{"line":291,"column":30},"end":{"line":291,"column":63}}],"line":291},"14":{"loc":{"start":{"line":300,"column":13},"end":{"line":309,"column":20}},"type":"cond-expr","locations":[{"start":{"line":301,"column":16},"end":{"line":308,"column":37}},{"start":{"line":309,"column":16},"end":{"line":309,"column":20}}],"line":300},"15":{"loc":{"start":{"line":312,"column":15},"end":{"line":312,"column":110}},"type":"cond-expr","locations":[{"start":{"line":312,"column":44},"end":{"line":312,"column":103}},{"start":{"line":312,"column":106},"end":{"line":312,"column":110}}],"line":312}},"s":{"0":0,"1":0,"2":0,"3":0,"4":0,"5":0,"6":0,"7":0,"8":0,"9":0,"10":0,"11":0,"12":0,"13":0,"14":0,"15":0,"16":0,"17":0,"18":0,"19":0,"20":0,"21":0,"22":0,"23":0,"24":0,"25":0,"26":0,"27":0,"28":0,"29":0,"30":0,"31":0,"32":0,"33":0,"34":0,"35":0,"36":0,"37":0,"38":0,"39":0,"40":0,"41":0,"42":0,"43":0,"44":0,"45":0,"46":0,"47":0,"48":0,"49":0,"50":0,"51":0,"52":0,"53":0,"54":0,"55":0,"56":0,"57":0,"58":0,"59":0,"60":0,"61":0,"62":0,"63":0,"64":0,"65":0,"66":0,"67":0,"68":0},"f":{"0":0,"1":0,"2":0,"3":0,"4":0,"5":0,"6":0,"7":0,"8":0,"9":0,"10":0,"11":0,"12":0,"13":0,"14":0,"15":0,"16":0,"17":0,"18":0,"19":0,"20":0,"21":0,"22":0,"23":0,"24":0,"25":0,"26":0,"27":0,"28":0,"29":0,"30":0},"b":{"0":[0,0],"1":[0,0],"2":[0,0],"3":[0,0],"4":[0,0],"5":[0,0],"6":[0,0],"7":[0,0],"8":[0,0],"9":[0,0],"10":[0,0],"11":[0,0],"12":[0,0],"13":[0,0],"14":[0,0],"15":[0,0]},"hash":"f0b4c41d81f57d5aecf64935c5190c8e70c91dea"}
,"C:\\Users\\Oisin\\Documents\\GitHub\\prescript-io\\components\\Profile\\AddInfoModal.js": {"path":"C:\\Users\\Oisin\\Documents\\GitHub\\prescript-io\\components\\Profile\\AddInfoModal.js","statementMap":{"0":{"start":{"line":19,"column":20},"end":{"line":28,"column":2}},"1":{"start":{"line":31,"column":0},"end":{"line":31,"column":46}},"2":{"start":{"line":34,"column":4},"end":{"line":34,"column":17}},"3":{"start":{"line":35,"column":4},"end":{"line":40,"column":5}},"4":{"start":{"line":44,"column":109},"end":{"line":44,"column":119}},"5":{"start":{"line":45,"column":4},"end":{"line":116,"column":5}},"6":{"start":{"line":53,"column":14},"end":{"line":53,"column":36}},"7":{"start":{"line":60,"column":44},"end":{"line":60,"column":88}},"8":{"start":{"line":72,"column":20},"end":{"line":102,"column":27}},"9":{"start":{"line":107,"column":18},"end":{"line":107,"column":40}}},"fnMap":{"0":{"name":"(anonymous_0)","decl":{"start":{"line":33,"column":2},"end":{"line":33,"column":3}},"loc":{"start":{"line":33,"column":21},"end":{"line":41,"column":3}},"line":33},"1":{"name":"(anonymous_1)","decl":{"start":{"line":43,"column":2},"end":{"line":43,"column":3}},"loc":{"start":{"line":43,"column":11},"end":{"line":117,"column":3}},"line":43},"2":{"name":"(anonymous_2)","decl":{"start":{"line":52,"column":28},"end":{"line":52,"column":29}},"loc":{"start":{"line":52,"column":34},"end":{"line":54,"column":13}},"line":52},"3":{"name":"(anonymous_3)","decl":{"start":{"line":60,"column":34},"end":{"line":60,"column":35}},"loc":{"start":{"line":60,"column":44},"end":{"line":60,"column":88}},"line":60},"4":{"name":"(anonymous_4)","decl":{"start":{"line":62,"column":19},"end":{"line":62,"column":20}},"loc":{"start":{"line":72,"column":20},"end":{"line":102,"column":27}},"line":72},"5":{"name":"(anonymous_5)","decl":{"start":{"line":106,"column":33},"end":{"line":106,"column":34}},"loc":{"start":{"line":106,"column":39},"end":{"line":108,"column":17}},"line":106}},"branchMap":{"0":{"loc":{"start":{"line":46,"column":63},"end":{"line":46,"column":103}},"type":"cond-expr","locations":[{"start":{"line":46,"column":87},"end":{"line":46,"column":96}},{"start":{"line":46,"column":99},"end":{"line":46,"column":103}}],"line":46},"1":{"loc":{"start":{"line":81,"column":48},"end":{"line":81,"column":81}},"type":"binary-expr","locations":[{"start":{"line":81,"column":48},"end":{"line":81,"column":63}},{"start":{"line":81,"column":67},"end":{"line":81,"column":81}}],"line":81},"2":{"loc":{"start":{"line":91,"column":48},"end":{"line":91,"column":89}},"type":"binary-expr","locations":[{"start":{"line":91,"column":48},"end":{"line":91,"column":67}},{"start":{"line":91,"column":71},"end":{"line":91,"column":89}}],"line":91},"3":{"loc":{"start":{"line":99,"column":23},"end":{"line":101,"column":35}},"type":"cond-expr","locations":[{"start":{"line":100,"column":24},"end":{"line":100,"column":130}},{"start":{"line":101,"column":26},"end":{"line":101,"column":35}}],"line":99}},"s":{"0":0,"1":0,"2":0,"3":0,"4":0,"5":0,"6":0,"7":0,"8":0,"9":0},"f":{"0":0,"1":0,"2":0,"3":0,"4":0,"5":0},"b":{"0":[0,0],"1":[0,0],"2":[0,0],"3":[0,0]},"hash":"ce9a4de5278233a3f90550a5a956b81de68e3def"}
,"C:\\Users\\Oisin\\Documents\\GitHub\\prescript-io\\components\\Profile\\ChangePasswordModal.js": {"path":"C:\\Users\\Oisin\\Documents\\GitHub\\prescript-io\\components\\Profile\\ChangePasswordModal.js","statementMap":{"0":{"start":{"line":19,"column":20},"end":{"line":32,"column":2}},"1":{"start":{"line":35,"column":0},"end":{"line":35,"column":46}},"2":{"start":{"line":38,"column":4},"end":{"line":38,"column":17}},"3":{"start":{"line":39,"column":4},"end":{"line":42,"column":5}},"4":{"start":{"line":46,"column":87},"end":{"line":46,"column":97}},"5":{"start":{"line":47,"column":4},"end":{"line":131,"column":5}},"6":{"start":{"line":55,"column":14},"end":{"line":55,"column":36}},"7":{"start":{"line":62,"column":44},"end":{"line":62,"column":66}},"8":{"start":{"line":74,"column":20},"end":{"line":117,"column":27}},"9":{"start":{"line":122,"column":18},"end":{"line":122,"column":40}}},"fnMap":{"0":{"name":"(anonymous_0)","decl":{"start":{"line":37,"column":2},"end":{"line":37,"column":3}},"loc":{"start":{"line":37,"column":21},"end":{"line":43,"column":3}},"line":37},"1":{"name":"(anonymous_1)","decl":{"start":{"line":45,"column":2},"end":{"line":45,"column":3}},"loc":{"start":{"line":45,"column":11},"end":{"line":132,"column":3}},"line":45},"2":{"name":"(anonymous_2)","decl":{"start":{"line":54,"column":28},"end":{"line":54,"column":29}},"loc":{"start":{"line":54,"column":34},"end":{"line":56,"column":13}},"line":54},"3":{"name":"(anonymous_3)","decl":{"start":{"line":62,"column":34},"end":{"line":62,"column":35}},"loc":{"start":{"line":62,"column":44},"end":{"line":62,"column":66}},"line":62},"4":{"name":"(anonymous_4)","decl":{"start":{"line":64,"column":19},"end":{"line":64,"column":20}},"loc":{"start":{"line":74,"column":20},"end":{"line":117,"column":27}},"line":74},"5":{"name":"(anonymous_5)","decl":{"start":{"line":121,"column":33},"end":{"line":121,"column":34}},"loc":{"start":{"line":121,"column":39},"end":{"line":123,"column":17}},"line":121}},"branchMap":{"0":{"loc":{"start":{"line":48,"column":63},"end":{"line":48,"column":103}},"type":"cond-expr","locations":[{"start":{"line":48,"column":87},"end":{"line":48,"column":96}},{"start":{"line":48,"column":99},"end":{"line":48,"column":103}}],"line":48},"1":{"loc":{"start":{"line":84,"column":48},"end":{"line":84,"column":89}},"type":"binary-expr","locations":[{"start":{"line":84,"column":48},"end":{"line":84,"column":67}},{"start":{"line":84,"column":71},"end":{"line":84,"column":89}}],"line":84},"2":{"loc":{"start":{"line":95,"column":48},"end":{"line":95,"column":89}},"type":"binary-expr","locations":[{"start":{"line":95,"column":48},"end":{"line":95,"column":67}},{"start":{"line":95,"column":71},"end":{"line":95,"column":89}}],"line":95},"3":{"loc":{"start":{"line":106,"column":48},"end":{"line":106,"column":97}},"type":"binary-expr","locations":[{"start":{"line":106,"column":48},"end":{"line":106,"column":71}},{"start":{"line":106,"column":75},"end":{"line":106,"column":97}}],"line":106},"4":{"loc":{"start":{"line":114,"column":23},"end":{"line":116,"column":35}},"type":"cond-expr","locations":[{"start":{"line":115,"column":24},"end":{"line":115,"column":95}},{"start":{"line":116,"column":26},"end":{"line":116,"column":35}}],"line":114}},"s":{"0":0,"1":0,"2":0,"3":0,"4":0,"5":0,"6":0,"7":0,"8":0,"9":0},"f":{"0":0,"1":0,"2":0,"3":0,"4":0,"5":0},"b":{"0":[0,0],"1":[0,0],"2":[0,0],"3":[0,0],"4":[0,0]},"hash":"840dc651236b761fab6071848763c16ee476561e"}
,"C:\\Users\\Oisin\\Documents\\GitHub\\prescript-io\\components\\Profile\\DeleteAccountModal.js": {"path":"C:\\Users\\Oisin\\Documents\\GitHub\\prescript-io\\components\\Profile\\DeleteAccountModal.js","statementMap":{"0":{"start":{"line":19,"column":20},"end":{"line":22,"column":2}},"1":{"start":{"line":24,"column":0},"end":{"line":24,"column":46}},"2":{"start":{"line":27,"column":4},"end":{"line":27,"column":17}},"3":{"start":{"line":28,"column":4},"end":{"line":31,"column":5}},"4":{"start":{"line":35,"column":86},"end":{"line":35,"column":96}},"5":{"start":{"line":36,"column":4},"end":{"line":100,"column":5}},"6":{"start":{"line":44,"column":14},"end":{"line":44,"column":36}},"7":{"start":{"line":51,"column":46},"end":{"line":51,"column":69}},"8":{"start":{"line":63,"column":20},"end":{"line":86,"column":27}},"9":{"start":{"line":91,"column":18},"end":{"line":91,"column":40}}},"fnMap":{"0":{"name":"(anonymous_0)","decl":{"start":{"line":26,"column":2},"end":{"line":26,"column":3}},"loc":{"start":{"line":26,"column":21},"end":{"line":32,"column":3}},"line":26},"1":{"name":"(anonymous_1)","decl":{"start":{"line":34,"column":2},"end":{"line":34,"column":3}},"loc":{"start":{"line":34,"column":11},"end":{"line":101,"column":3}},"line":34},"2":{"name":"(anonymous_2)","decl":{"start":{"line":43,"column":28},"end":{"line":43,"column":29}},"loc":{"start":{"line":43,"column":34},"end":{"line":45,"column":13}},"line":43},"3":{"name":"(anonymous_3)","decl":{"start":{"line":51,"column":34},"end":{"line":51,"column":35}},"loc":{"start":{"line":51,"column":46},"end":{"line":51,"column":69}},"line":51},"4":{"name":"(anonymous_4)","decl":{"start":{"line":53,"column":19},"end":{"line":53,"column":20}},"loc":{"start":{"line":63,"column":20},"end":{"line":86,"column":27}},"line":63},"5":{"name":"(anonymous_5)","decl":{"start":{"line":90,"column":33},"end":{"line":90,"column":34}},"loc":{"start":{"line":90,"column":39},"end":{"line":92,"column":17}},"line":90}},"branchMap":{"0":{"loc":{"start":{"line":37,"column":63},"end":{"line":37,"column":103}},"type":"cond-expr","locations":[{"start":{"line":37,"column":87},"end":{"line":37,"column":96}},{"start":{"line":37,"column":99},"end":{"line":37,"column":103}}],"line":37},"1":{"loc":{"start":{"line":73,"column":48},"end":{"line":73,"column":83}},"type":"binary-expr","locations":[{"start":{"line":73,"column":48},"end":{"line":73,"column":64}},{"start":{"line":73,"column":68},"end":{"line":73,"column":83}}],"line":73},"2":{"loc":{"start":{"line":83,"column":23},"end":{"line":85,"column":35}},"type":"cond-expr","locations":[{"start":{"line":84,"column":24},"end":{"line":84,"column":95}},{"start":{"line":85,"column":26},"end":{"line":85,"column":35}}],"line":83}},"s":{"0":0,"1":0,"2":0,"3":0,"4":0,"5":0,"6":0,"7":0,"8":0,"9":0},"f":{"0":0,"1":0,"2":0,"3":0,"4":0,"5":0},"b":{"0":[0,0],"1":[0,0],"2":[0,0]},"hash":"dc044fe30c5baa8f680162c6e3bcfc1ab44aff8e"}
,"C:\\Users\\Oisin\\Documents\\GitHub\\prescript-io\\components\\Profile\\Profile.js": {"path":"C:\\Users\\Oisin\\Documents\\GitHub\\prescript-io\\components\\Profile\\Profile.js","statementMap":{"0":{"start":{"line":22,"column":0},"end":{"line":22,"column":32}},"1":{"start":{"line":25,"column":4},"end":{"line":25,"column":17}},"2":{"start":{"line":26,"column":4},"end":{"line":39,"column":5}},"3":{"start":{"line":42,"column":22},"end":{"line":52,"column":3}},"4":{"start":{"line":43,"column":4},"end":{"line":43,"column":66}},"5":{"start":{"line":43,"column":60},"end":{"line":43,"column":64}},"6":{"start":{"line":44,"column":15},"end":{"line":44,"column":42}},"7":{"start":{"line":46,"column":4},"end":{"line":51,"column":5}},"8":{"start":{"line":47,"column":6},"end":{"line":49,"column":9}},"9":{"start":{"line":50,"column":6},"end":{"line":50,"column":33}},"10":{"start":{"line":55,"column":4},"end":{"line":55,"column":70}},"11":{"start":{"line":55,"column":63},"end":{"line":55,"column":68}},"12":{"start":{"line":58,"column":16},"end":{"line":75,"column":3}},"13":{"start":{"line":59,"column":4},"end":{"line":61,"column":5}},"14":{"start":{"line":60,"column":6},"end":{"line":60,"column":26}},"15":{"start":{"line":63,"column":4},"end":{"line":74,"column":9}},"16":{"start":{"line":67,"column":8},"end":{"line":70,"column":10}},"17":{"start":{"line":73,"column":8},"end":{"line":73,"column":71}},"18":{"start":{"line":77,"column":27},"end":{"line":83,"column":3}},"19":{"start":{"line":78,"column":4},"end":{"line":82,"column":5}},"20":{"start":{"line":79,"column":6},"end":{"line":79,"column":49}},"21":{"start":{"line":81,"column":6},"end":{"line":81,"column":50}},"22":{"start":{"line":85,"column":34},"end":{"line":91,"column":3}},"23":{"start":{"line":86,"column":4},"end":{"line":90,"column":5}},"24":{"start":{"line":87,"column":6},"end":{"line":87,"column":56}},"25":{"start":{"line":89,"column":6},"end":{"line":89,"column":57}},"26":{"start":{"line":93,"column":33},"end":{"line":99,"column":3}},"27":{"start":{"line":94,"column":4},"end":{"line":98,"column":5}},"28":{"start":{"line":95,"column":6},"end":{"line":95,"column":55}},"29":{"start":{"line":97,"column":6},"end":{"line":97,"column":56}},"30":{"start":{"line":101,"column":41},"end":{"line":122,"column":3}},"31":{"start":{"line":102,"column":18},"end":{"line":102,"column":33}},"32":{"start":{"line":103,"column":35},"end":{"line":103,"column":41}},"33":{"start":{"line":105,"column":15},"end":{"line":108,"column":5}},"34":{"start":{"line":110,"column":4},"end":{"line":119,"column":98}},"35":{"start":{"line":114,"column":8},"end":{"line":116,"column":11}},"36":{"start":{"line":117,"column":8},"end":{"line":117,"column":84}},"37":{"start":{"line":119,"column":22},"end":{"line":119,"column":96}},"38":{"start":{"line":121,"column":4},"end":{"line":121,"column":32}},"39":{"start":{"line":124,"column":30},"end":{"line":137,"column":3}},"40":{"start":{"line":125,"column":21},"end":{"line":128,"column":5}},"41":{"start":{"line":130,"column":4},"end":{"line":136,"column":9}},"42":{"start":{"line":132,"column":8},"end":{"line":132,"column":38}},"43":{"start":{"line":135,"column":8},"end":{"line":135,"column":26}},"44":{"start":{"line":139,"column":18},"end":{"line":168,"column":3}},"45":{"start":{"line":140,"column":15},"end":{"line":140,"column":42}},"46":{"start":{"line":141,"column":4},"end":{"line":141,"column":58}},"47":{"start":{"line":143,"column":4},"end":{"line":167,"column":6}},"48":{"start":{"line":150,"column":12},"end":{"line":162,"column":14}},"49":{"start":{"line":152,"column":16},"end":{"line":158,"column":95}},"50":{"start":{"line":156,"column":20},"end":{"line":156,"column":80}},"51":{"start":{"line":158,"column":34},"end":{"line":158,"column":93}},"52":{"start":{"line":159,"column":16},"end":{"line":159,"column":93}},"53":{"start":{"line":161,"column":14},"end":{"line":161,"column":32}},"54":{"start":{"line":164,"column":36},"end":{"line":164,"column":89}},"55":{"start":{"line":170,"column":19},"end":{"line":181,"column":3}},"56":{"start":{"line":171,"column":15},"end":{"line":171,"column":42}},"57":{"start":{"line":172,"column":4},"end":{"line":172,"column":61}},"58":{"start":{"line":174,"column":4},"end":{"line":180,"column":8}},"59":{"start":{"line":176,"column":8},"end":{"line":176,"column":95}},"60":{"start":{"line":179,"column":8},"end":{"line":179,"column":26}},"61":{"start":{"line":184,"column":32},"end":{"line":184,"column":42}},"62":{"start":{"line":185,"column":117},"end":{"line":185,"column":127}},"63":{"start":{"line":186,"column":4},"end":{"line":288,"column":5}},"64":{"start":{"line":201,"column":26},"end":{"line":201,"column":53}},"65":{"start":{"line":220,"column":24},"end":{"line":220,"column":57}},"66":{"start":{"line":232,"column":39},"end":{"line":232,"column":68}},"67":{"start":{"line":235,"column":38},"end":{"line":235,"column":67}},"68":{"start":{"line":243,"column":39},"end":{"line":243,"column":75}},"69":{"start":{"line":246,"column":38},"end":{"line":246,"column":74}},"70":{"start":{"line":254,"column":39},"end":{"line":254,"column":74}},"71":{"start":{"line":257,"column":38},"end":{"line":257,"column":73}},"72":{"start":{"line":263,"column":35},"end":{"line":263,"column":75}},"73":{"start":{"line":270,"column":37},"end":{"line":270,"column":80}},"74":{"start":{"line":279,"column":35},"end":{"line":279,"column":74}}},"fnMap":{"0":{"name":"(anonymous_0)","decl":{"start":{"line":24,"column":2},"end":{"line":24,"column":3}},"loc":{"start":{"line":24,"column":21},"end":{"line":40,"column":3}},"line":24},"1":{"name":"(anonymous_1)","decl":{"start":{"line":42,"column":22},"end":{"line":42,"column":23}},"loc":{"start":{"line":42,"column":28},"end":{"line":52,"column":3}},"line":42},"2":{"name":"(anonymous_2)","decl":{"start":{"line":43,"column":54},"end":{"line":43,"column":55}},"loc":{"start":{"line":43,"column":60},"end":{"line":43,"column":64}},"line":43},"3":{"name":"(anonymous_3)","decl":{"start":{"line":54,"column":2},"end":{"line":54,"column":3}},"loc":{"start":{"line":54,"column":25},"end":{"line":56,"column":3}},"line":54},"4":{"name":"(anonymous_4)","decl":{"start":{"line":55,"column":57},"end":{"line":55,"column":58}},"loc":{"start":{"line":55,"column":63},"end":{"line":55,"column":68}},"line":55},"5":{"name":"(anonymous_5)","decl":{"start":{"line":58,"column":16},"end":{"line":58,"column":17}},"loc":{"start":{"line":58,"column":25},"end":{"line":75,"column":3}},"line":58},"6":{"name":"(anonymous_6)","decl":{"start":{"line":66,"column":12},"end":{"line":66,"column":13}},"loc":{"start":{"line":66,"column":24},"end":{"line":71,"column":7}},"line":66},"7":{"name":"(anonymous_7)","decl":{"start":{"line":72,"column":13},"end":{"line":72,"column":14}},"loc":{"start":{"line":72,"column":22},"end":{"line":74,"column":7}},"line":72},"8":{"name":"(anonymous_8)","decl":{"start":{"line":77,"column":27},"end":{"line":77,"column":28}},"loc":{"start":{"line":77,"column":40},"end":{"line":83,"column":3}},"line":77},"9":{"name":"(anonymous_9)","decl":{"start":{"line":85,"column":34},"end":{"line":85,"column":35}},"loc":{"start":{"line":85,"column":47},"end":{"line":91,"column":3}},"line":85},"10":{"name":"(anonymous_10)","decl":{"start":{"line":93,"column":33},"end":{"line":93,"column":34}},"loc":{"start":{"line":93,"column":46},"end":{"line":99,"column":3}},"line":93},"11":{"name":"(anonymous_11)","decl":{"start":{"line":101,"column":41},"end":{"line":101,"column":42}},"loc":{"start":{"line":101,"column":59},"end":{"line":122,"column":3}},"line":101},"12":{"name":"(anonymous_12)","decl":{"start":{"line":113,"column":12},"end":{"line":113,"column":13}},"loc":{"start":{"line":113,"column":24},"end":{"line":118,"column":7}},"line":113},"13":{"name":"(anonymous_13)","decl":{"start":{"line":119,"column":13},"end":{"line":119,"column":14}},"loc":{"start":{"line":119,"column":22},"end":{"line":119,"column":96}},"line":119},"14":{"name":"(anonymous_14)","decl":{"start":{"line":124,"column":30},"end":{"line":124,"column":31}},"loc":{"start":{"line":124,"column":57},"end":{"line":137,"column":3}},"line":124},"15":{"name":"(anonymous_15)","decl":{"start":{"line":131,"column":12},"end":{"line":131,"column":13}},"loc":{"start":{"line":131,"column":18},"end":{"line":133,"column":7}},"line":131},"16":{"name":"(anonymous_16)","decl":{"start":{"line":134,"column":13},"end":{"line":134,"column":14}},"loc":{"start":{"line":134,"column":24},"end":{"line":136,"column":7}},"line":134},"17":{"name":"(anonymous_17)","decl":{"start":{"line":139,"column":18},"end":{"line":139,"column":19}},"loc":{"start":{"line":139,"column":30},"end":{"line":168,"column":3}},"line":139},"18":{"name":"(anonymous_18)","decl":{"start":{"line":149,"column":19},"end":{"line":149,"column":20}},"loc":{"start":{"line":150,"column":12},"end":{"line":162,"column":14}},"line":150},"19":{"name":"(anonymous_19)","decl":{"start":{"line":151,"column":20},"end":{"line":151,"column":21}},"loc":{"start":{"line":151,"column":26},"end":{"line":160,"column":15}},"line":151},"20":{"name":"(anonymous_20)","decl":{"start":{"line":155,"column":24},"end":{"line":155,"column":25}},"loc":{"start":{"line":155,"column":36},"end":{"line":157,"column":19}},"line":155},"21":{"name":"(anonymous_21)","decl":{"start":{"line":158,"column":25},"end":{"line":158,"column":26}},"loc":{"start":{"line":158,"column":34},"end":{"line":158,"column":93}},"line":158},"22":{"name":"(anonymous_22)","decl":{"start":{"line":160,"column":23},"end":{"line":160,"column":24}},"loc":{"start":{"line":160,"column":34},"end":{"line":162,"column":13}},"line":160},"23":{"name":"(anonymous_23)","decl":{"start":{"line":164,"column":30},"end":{"line":164,"column":31}},"loc":{"start":{"line":164,"column":36},"end":{"line":164,"column":89}},"line":164},"24":{"name":"(anonymous_24)","decl":{"start":{"line":170,"column":19},"end":{"line":170,"column":20}},"loc":{"start":{"line":170,"column":31},"end":{"line":181,"column":3}},"line":170},"25":{"name":"(anonymous_25)","decl":{"start":{"line":175,"column":12},"end":{"line":175,"column":13}},"loc":{"start":{"line":175,"column":18},"end":{"line":177,"column":7}},"line":175},"26":{"name":"(anonymous_26)","decl":{"start":{"line":178,"column":13},"end":{"line":178,"column":14}},"loc":{"start":{"line":178,"column":24},"end":{"line":180,"column":7}},"line":178},"27":{"name":"(anonymous_27)","decl":{"start":{"line":183,"column":2},"end":{"line":183,"column":3}},"loc":{"start":{"line":183,"column":11},"end":{"line":289,"column":3}},"line":183},"28":{"name":"(anonymous_28)","decl":{"start":{"line":200,"column":33},"end":{"line":200,"column":34}},"loc":{"start":{"line":200,"column":39},"end":{"line":202,"column":25}},"line":200},"29":{"name":"(anonymous_29)","decl":{"start":{"line":219,"column":31},"end":{"line":219,"column":32}},"loc":{"start":{"line":219,"column":37},"end":{"line":221,"column":23}},"line":219},"30":{"name":"(anonymous_30)","decl":{"start":{"line":232,"column":33},"end":{"line":232,"column":34}},"loc":{"start":{"line":232,"column":39},"end":{"line":232,"column":68}},"line":232},"31":{"name":"(anonymous_31)","decl":{"start":{"line":235,"column":32},"end":{"line":235,"column":33}},"loc":{"start":{"line":235,"column":38},"end":{"line":235,"column":67}},"line":235},"32":{"name":"(anonymous_32)","decl":{"start":{"line":243,"column":33},"end":{"line":243,"column":34}},"loc":{"start":{"line":243,"column":39},"end":{"line":243,"column":75}},"line":243},"33":{"name":"(anonymous_33)","decl":{"start":{"line":246,"column":32},"end":{"line":246,"column":33}},"loc":{"start":{"line":246,"column":38},"end":{"line":246,"column":74}},"line":246},"34":{"name":"(anonymous_34)","decl":{"start":{"line":254,"column":33},"end":{"line":254,"column":34}},"loc":{"start":{"line":254,"column":39},"end":{"line":254,"column":74}},"line":254},"35":{"name":"(anonymous_35)","decl":{"start":{"line":257,"column":32},"end":{"line":257,"column":33}},"loc":{"start":{"line":257,"column":38},"end":{"line":257,"column":73}},"line":257},"36":{"name":"(anonymous_36)","decl":{"start":{"line":263,"column":29},"end":{"line":263,"column":30}},"loc":{"start":{"line":263,"column":35},"end":{"line":263,"column":75}},"line":263},"37":{"name":"(anonymous_37)","decl":{"start":{"line":270,"column":31},"end":{"line":270,"column":32}},"loc":{"start":{"line":270,"column":37},"end":{"line":270,"column":80}},"line":270},"38":{"name":"(anonymous_38)","decl":{"start":{"line":279,"column":29},"end":{"line":279,"column":30}},"loc":{"start":{"line":279,"column":35},"end":{"line":279,"column":74}},"line":279}},"branchMap":{"0":{"loc":{"start":{"line":46,"column":4},"end":{"line":51,"column":5}},"type":"if","locations":[{"start":{"line":46,"column":4},"end":{"line":51,"column":5}},{"start":{"line":46,"column":4},"end":{"line":51,"column":5}}],"line":46},"1":{"loc":{"start":{"line":59,"column":4},"end":{"line":61,"column":5}},"type":"if","locations":[{"start":{"line":59,"column":4},"end":{"line":61,"column":5}},{"start":{"line":59,"column":4},"end":{"line":61,"column":5}}],"line":59},"2":{"loc":{"start":{"line":78,"column":4},"end":{"line":82,"column":5}},"type":"if","locations":[{"start":{"line":78,"column":4},"end":{"line":82,"column":5}},{"start":{"line":78,"column":4},"end":{"line":82,"column":5}}],"line":78},"3":{"loc":{"start":{"line":86,"column":4},"end":{"line":90,"column":5}},"type":"if","locations":[{"start":{"line":86,"column":4},"end":{"line":90,"column":5}},{"start":{"line":86,"column":4},"end":{"line":90,"column":5}}],"line":86},"4":{"loc":{"start":{"line":94,"column":4},"end":{"line":98,"column":5}},"type":"if","locations":[{"start":{"line":94,"column":4},"end":{"line":98,"column":5}},{"start":{"line":94,"column":4},"end":{"line":98,"column":5}}],"line":94},"5":{"loc":{"start":{"line":187,"column":63},"end":{"line":187,"column":103}},"type":"cond-expr","locations":[{"start":{"line":187,"column":87},"end":{"line":187,"column":96}},{"start":{"line":187,"column":99},"end":{"line":187,"column":103}}],"line":187},"6":{"loc":{"start":{"line":188,"column":9},"end":{"line":286,"column":31}},"type":"cond-expr","locations":[{"start":{"line":189,"column":12},"end":{"line":285,"column":17}},{"start":{"line":286,"column":12},"end":{"line":286,"column":31}}],"line":188},"7":{"loc":{"start":{"line":190,"column":13},"end":{"line":190,"column":111}},"type":"cond-expr","locations":[{"start":{"line":190,"column":32},"end":{"line":190,"column":104}},{"start":{"line":190,"column":107},"end":{"line":190,"column":111}}],"line":190},"8":{"loc":{"start":{"line":194,"column":18},"end":{"line":194,"column":53}},"type":"cond-expr","locations":[{"start":{"line":194,"column":31},"end":{"line":194,"column":41}},{"start":{"line":194,"column":44},"end":{"line":194,"column":53}}],"line":194},"9":{"loc":{"start":{"line":196,"column":21},"end":{"line":196,"column":57}},"type":"cond-expr","locations":[{"start":{"line":196,"column":42},"end":{"line":196,"column":46}},{"start":{"line":196,"column":49},"end":{"line":196,"column":57}}],"line":196},"10":{"loc":{"start":{"line":197,"column":13},"end":{"line":206,"column":20}},"type":"cond-expr","locations":[{"start":{"line":198,"column":16},"end":{"line":205,"column":23}},{"start":{"line":206,"column":16},"end":{"line":206,"column":20}}],"line":197},"11":{"loc":{"start":{"line":209,"column":28},"end":{"line":209,"column":57}},"type":"cond-expr","locations":[{"start":{"line":209,"column":38},"end":{"line":209,"column":42}},{"start":{"line":209,"column":45},"end":{"line":209,"column":57}}],"line":209},"12":{"loc":{"start":{"line":209,"column":60},"end":{"line":209,"column":84}},"type":"cond-expr","locations":[{"start":{"line":209,"column":70},"end":{"line":209,"column":77}},{"start":{"line":209,"column":80},"end":{"line":209,"column":84}}],"line":209},"13":{"loc":{"start":{"line":213,"column":33},"end":{"line":213,"column":66}},"type":"cond-expr","locations":[{"start":{"line":213,"column":47},"end":{"line":213,"column":51}},{"start":{"line":213,"column":54},"end":{"line":213,"column":66}}],"line":213},"14":{"loc":{"start":{"line":213,"column":69},"end":{"line":213,"column":101}},"type":"cond-expr","locations":[{"start":{"line":213,"column":83},"end":{"line":213,"column":94}},{"start":{"line":213,"column":97},"end":{"line":213,"column":101}}],"line":213},"15":{"loc":{"start":{"line":216,"column":13},"end":{"line":226,"column":20}},"type":"cond-expr","locations":[{"start":{"line":217,"column":14},"end":{"line":225,"column":23}},{"start":{"line":226,"column":16},"end":{"line":226,"column":20}}],"line":216},"16":{"loc":{"start":{"line":216,"column":13},"end":{"line":216,"column":37}},"type":"binary-expr","locations":[{"start":{"line":216,"column":13},"end":{"line":216,"column":21}},{"start":{"line":216,"column":25},"end":{"line":216,"column":37}}],"line":216},"17":{"loc":{"start":{"line":223,"column":32},"end":{"line":223,"column":54}},"type":"binary-expr","locations":[{"start":{"line":223,"column":32},"end":{"line":223,"column":39}},{"start":{"line":223,"column":43},"end":{"line":223,"column":54}}],"line":223},"18":{"loc":{"start":{"line":228,"column":13},"end":{"line":237,"column":20}},"type":"cond-expr","locations":[{"start":{"line":229,"column":16},"end":{"line":236,"column":29}},{"start":{"line":237,"column":16},"end":{"line":237,"column":20}}],"line":228},"19":{"loc":{"start":{"line":239,"column":13},"end":{"line":248,"column":20}},"type":"cond-expr","locations":[{"start":{"line":240,"column":16},"end":{"line":247,"column":36}},{"start":{"line":248,"column":16},"end":{"line":248,"column":20}}],"line":239},"20":{"loc":{"start":{"line":250,"column":13},"end":{"line":259,"column":25}},"type":"cond-expr","locations":[{"start":{"line":251,"column":16},"end":{"line":258,"column":35}},{"start":{"line":259,"column":16},"end":{"line":259,"column":25}}],"line":250}},"s":{"0":0,"1":0,"2":0,"3":0,"4":0,"5":0,"6":0,"7":0,"8":0,"9":0,"10":0,"11":0,"12":0,"13":0,"14":0,"15":0,"16":0,"17":0,"18":0,"19":0,"20":0,"21":0,"22":0,"23":0,"24":0,"25":0,"26":0,"27":0,"28":0,"29":0,"30":0,"31":0,"32":0,"33":0,"34":0,"35":0,"36":0,"37":0,"38":0,"39":0,"40":0,"41":0,"42":0,"43":0,"44":0,"45":0,"46":0,"47":0,"48":0,"49":0,"50":0,"51":0,"52":0,"53":0,"54":0,"55":0,"56":0,"57":0,"58":0,"59":0,"60":0,"61":0,"62":0,"63":0,"64":0,"65":0,"66":0,"67":0,"68":0,"69":0,"70":0,"71":0,"72":0,"73":0,"74":0},"f":{"0":0,"1":0,"2":0,"3":0,"4":0,"5":0,"6":0,"7":0,"8":0,"9":0,"10":0,"11":0,"12":0,"13":0,"14":0,"15":0,"16":0,"17":0,"18":0,"19":0,"20":0,"21":0,"22":0,"23":0,"24":0,"25":0,"26":0,"27":0,"28":0,"29":0,"30":0,"31":0,"32":0,"33":0,"34":0,"35":0,"36":0,"37":0,"38":0},"b":{"0":[0,0],"1":[0,0],"2":[0,0],"3":[0,0],"4":[0,0],"5":[0,0],"6":[0,0],"7":[0,0],"8":[0,0],"9":[0,0],"10":[0,0],"11":[0,0],"12":[0,0],"13":[0,0],"14":[0,0],"15":[0,0],"16":[0,0],"17":[0,0],"18":[0,0],"19":[0,0],"20":[0,0]},"hash":"96dd0fa66f195712dc573b14c2a8efdb395fc4c3"}
,"C:\\Users\\Oisin\\Documents\\GitHub\\prescript-io\\components\\Register\\Register.js": {"path":"C:\\Users\\Oisin\\Documents\\GitHub\\prescript-io\\components\\Register\\Register.js","statementMap":{"0":{"start":{"line":23,"column":23},"end":{"line":41,"column":2}},"1":{"start":{"line":43,"column":0},"end":{"line":43,"column":46}},"2":{"start":{"line":46,"column":4},"end":{"line":46,"column":17}},"3":{"start":{"line":47,"column":4},"end":{"line":50,"column":5}},"4":{"start":{"line":53,"column":19},"end":{"line":65,"column":3}},"5":{"start":{"line":54,"column":4},"end":{"line":64,"column":9}},"6":{"start":{"line":58,"column":8},"end":{"line":58,"column":82}},"7":{"start":{"line":59,"column":8},"end":{"line":59,"column":45}},"8":{"start":{"line":60,"column":8},"end":{"line":60,"column":50}},"9":{"start":{"line":63,"column":8},"end":{"line":63,"column":65}},"10":{"start":{"line":67,"column":50},"end":{"line":87,"column":3}},"11":{"start":{"line":68,"column":51},"end":{"line":68,"column":57}},"12":{"start":{"line":70,"column":15},"end":{"line":75,"column":5}},"13":{"start":{"line":77,"column":4},"end":{"line":81,"column":71}},"14":{"start":{"line":80,"column":19},"end":{"line":80,"column":74}},"15":{"start":{"line":81,"column":22},"end":{"line":81,"column":69}},"16":{"start":{"line":83,"column":4},"end":{"line":86,"column":70}},"17":{"start":{"line":85,"column":24},"end":{"line":85,"column":65}},"18":{"start":{"line":86,"column":22},"end":{"line":86,"column":68}},"19":{"start":{"line":90,"column":23},"end":{"line":90,"column":44}},"20":{"start":{"line":91,"column":20},"end":{"line":91,"column":30}},"21":{"start":{"line":92,"column":4},"end":{"line":187,"column":5}},"22":{"start":{"line":110,"column":40},"end":{"line":110,"column":67}},"23":{"start":{"line":122,"column":16},"end":{"line":177,"column":23}},"24":{"start":{"line":181,"column":78},"end":{"line":181,"column":95}}},"fnMap":{"0":{"name":"(anonymous_0)","decl":{"start":{"line":45,"column":2},"end":{"line":45,"column":3}},"loc":{"start":{"line":45,"column":21},"end":{"line":51,"column":3}},"line":45},"1":{"name":"(anonymous_1)","decl":{"start":{"line":53,"column":19},"end":{"line":53,"column":20}},"loc":{"start":{"line":53,"column":31},"end":{"line":65,"column":3}},"line":53},"2":{"name":"(anonymous_2)","decl":{"start":{"line":57,"column":12},"end":{"line":57,"column":13}},"loc":{"start":{"line":57,"column":26},"end":{"line":61,"column":7}},"line":57},"3":{"name":"(anonymous_3)","decl":{"start":{"line":62,"column":13},"end":{"line":62,"column":14}},"loc":{"start":{"line":62,"column":24},"end":{"line":64,"column":7}},"line":62},"4":{"name":"(anonymous_4)","decl":{"start":{"line":67,"column":50},"end":{"line":67,"column":51}},"loc":{"start":{"line":67,"column":68},"end":{"line":87,"column":3}},"line":67},"5":{"name":"(anonymous_5)","decl":{"start":{"line":80,"column":12},"end":{"line":80,"column":13}},"loc":{"start":{"line":80,"column":19},"end":{"line":80,"column":74}},"line":80},"6":{"name":"(anonymous_6)","decl":{"start":{"line":81,"column":13},"end":{"line":81,"column":14}},"loc":{"start":{"line":81,"column":22},"end":{"line":81,"column":69}},"line":81},"7":{"name":"(anonymous_7)","decl":{"start":{"line":85,"column":12},"end":{"line":85,"column":13}},"loc":{"start":{"line":85,"column":24},"end":{"line":85,"column":65}},"line":85},"8":{"name":"(anonymous_8)","decl":{"start":{"line":86,"column":13},"end":{"line":86,"column":14}},"loc":{"start":{"line":86,"column":22},"end":{"line":86,"column":68}},"line":86},"9":{"name":"(anonymous_9)","decl":{"start":{"line":89,"column":2},"end":{"line":89,"column":3}},"loc":{"start":{"line":89,"column":11},"end":{"line":188,"column":3}},"line":89},"10":{"name":"(anonymous_10)","decl":{"start":{"line":110,"column":30},"end":{"line":110,"column":31}},"loc":{"start":{"line":110,"column":40},"end":{"line":110,"column":67}},"line":110},"11":{"name":"(anonymous_11)","decl":{"start":{"line":112,"column":15},"end":{"line":112,"column":16}},"loc":{"start":{"line":122,"column":16},"end":{"line":177,"column":23}},"line":122},"12":{"name":"(anonymous_12)","decl":{"start":{"line":181,"column":72},"end":{"line":181,"column":73}},"loc":{"start":{"line":181,"column":78},"end":{"line":181,"column":95}},"line":181}},"branchMap":{"0":{"loc":{"start":{"line":94,"column":38},"end":{"line":94,"column":78}},"type":"cond-expr","locations":[{"start":{"line":94,"column":62},"end":{"line":94,"column":71}},{"start":{"line":94,"column":74},"end":{"line":94,"column":78}}],"line":94},"1":{"loc":{"start":{"line":130,"column":44},"end":{"line":130,"column":81}},"type":"binary-expr","locations":[{"start":{"line":130,"column":44},"end":{"line":130,"column":61}},{"start":{"line":130,"column":65},"end":{"line":130,"column":81}}],"line":130},"2":{"loc":{"start":{"line":139,"column":44},"end":{"line":139,"column":79}},"type":"binary-expr","locations":[{"start":{"line":139,"column":44},"end":{"line":139,"column":60}},{"start":{"line":139,"column":64},"end":{"line":139,"column":79}}],"line":139},"3":{"loc":{"start":{"line":148,"column":44},"end":{"line":148,"column":73}},"type":"binary-expr","locations":[{"start":{"line":148,"column":44},"end":{"line":148,"column":57}},{"start":{"line":148,"column":61},"end":{"line":148,"column":73}}],"line":148},"4":{"loc":{"start":{"line":157,"column":44},"end":{"line":157,"column":79}},"type":"binary-expr","locations":[{"start":{"line":157,"column":44},"end":{"line":157,"column":60}},{"start":{"line":157,"column":64},"end":{"line":157,"column":79}}],"line":157},"5":{"loc":{"start":{"line":167,"column":44},"end":{"line":167,"column":79}},"type":"binary-expr","locations":[{"start":{"line":167,"column":44},"end":{"line":167,"column":60}},{"start":{"line":167,"column":64},"end":{"line":167,"column":79}}],"line":167},"6":{"loc":{"start":{"line":171,"column":36},"end":{"line":171,"column":60}},"type":"binary-expr","locations":[{"start":{"line":171,"column":36},"end":{"line":171,"column":44}},{"start":{"line":171,"column":48},"end":{"line":171,"column":60}}],"line":171}},"s":{"0":0,"1":0,"2":0,"3":0,"4":0,"5":0,"6":0,"7":0,"8":0,"9":0,"10":0,"11":0,"12":0,"13":0,"14":0,"15":0,"16":0,"17":0,"18":0,"19":0,"20":0,"21":0,"22":0,"23":0,"24":0},"f":{"0":0,"1":0,"2":0,"3":0,"4":0,"5":0,"6":0,"7":0,"8":0,"9":0,"10":0,"11":0,"12":0},"b":{"0":[0,0],"1":[0,0],"2":[0,0],"3":[0,0],"4":[0,0],"5":[0,0],"6":[0,0]},"hash":"6b389e062ab08ff69ba402f959fb212498350140"}
,"C:\\Users\\Oisin\\Documents\\GitHub\\prescript-io\\components\\Reminders\\AddReminderModal.js": {"path":"C:\\Users\\Oisin\\Documents\\GitHub\\prescript-io\\components\\Reminders\\AddReminderModal.js","statementMap":{"0":{"start":{"line":22,"column":20},"end":{"line":37,"column":2}},"1":{"start":{"line":40,"column":0},"end":{"line":40,"column":46}},"2":{"start":{"line":43,"column":4},"end":{"line":43,"column":17}},"3":{"start":{"line":44,"column":4},"end":{"line":49,"column":5}},"4":{"start":{"line":52,"column":23},"end":{"line":54,"column":3}},"5":{"start":{"line":53,"column":4},"end":{"line":53,"column":51}},"6":{"start":{"line":56,"column":23},"end":{"line":58,"column":3}},"7":{"start":{"line":57,"column":4},"end":{"line":57,"column":52}},"8":{"start":{"line":60,"column":21},"end":{"line":65,"column":3}},"9":{"start":{"line":61,"column":4},"end":{"line":63,"column":7}},"10":{"start":{"line":64,"column":4},"end":{"line":64,"column":30}},"11":{"start":{"line":68,"column":90},"end":{"line":68,"column":100}},"12":{"start":{"line":69,"column":25},"end":{"line":69,"column":35}},"13":{"start":{"line":70,"column":4},"end":{"line":181,"column":5}},"14":{"start":{"line":79,"column":16},"end":{"line":79,"column":38}},"15":{"start":{"line":87,"column":46},"end":{"line":87,"column":83}},"16":{"start":{"line":99,"column":22},"end":{"line":166,"column":29}},"17":{"start":{"line":171,"column":20},"end":{"line":171,"column":42}}},"fnMap":{"0":{"name":"(anonymous_0)","decl":{"start":{"line":42,"column":2},"end":{"line":42,"column":3}},"loc":{"start":{"line":42,"column":21},"end":{"line":50,"column":3}},"line":42},"1":{"name":"(anonymous_1)","decl":{"start":{"line":52,"column":23},"end":{"line":52,"column":24}},"loc":{"start":{"line":52,"column":29},"end":{"line":54,"column":3}},"line":52},"2":{"name":"(anonymous_2)","decl":{"start":{"line":56,"column":23},"end":{"line":56,"column":24}},"loc":{"start":{"line":56,"column":29},"end":{"line":58,"column":3}},"line":56},"3":{"name":"(anonymous_3)","decl":{"start":{"line":60,"column":21},"end":{"line":60,"column":22}},"loc":{"start":{"line":60,"column":29},"end":{"line":65,"column":3}},"line":60},"4":{"name":"(anonymous_4)","decl":{"start":{"line":67,"column":2},"end":{"line":67,"column":3}},"loc":{"start":{"line":67,"column":11},"end":{"line":182,"column":3}},"line":67},"5":{"name":"(anonymous_5)","decl":{"start":{"line":78,"column":30},"end":{"line":78,"column":31}},"loc":{"start":{"line":78,"column":36},"end":{"line":80,"column":15}},"line":78},"6":{"name":"(anonymous_6)","decl":{"start":{"line":87,"column":36},"end":{"line":87,"column":37}},"loc":{"start":{"line":87,"column":46},"end":{"line":87,"column":83}},"line":87},"7":{"name":"(anonymous_7)","decl":{"start":{"line":89,"column":21},"end":{"line":89,"column":22}},"loc":{"start":{"line":99,"column":22},"end":{"line":166,"column":29}},"line":99},"8":{"name":"(anonymous_8)","decl":{"start":{"line":170,"column":35},"end":{"line":170,"column":36}},"loc":{"start":{"line":170,"column":41},"end":{"line":172,"column":19}},"line":170}},"branchMap":{"0":{"loc":{"start":{"line":71,"column":63},"end":{"line":71,"column":103}},"type":"cond-expr","locations":[{"start":{"line":71,"column":87},"end":{"line":71,"column":96}},{"start":{"line":71,"column":99},"end":{"line":71,"column":103}}],"line":71},"1":{"loc":{"start":{"line":102,"column":56},"end":{"line":102,"column":100}},"type":"cond-expr","locations":[{"start":{"line":102,"column":69},"end":{"line":102,"column":79}},{"start":{"line":102,"column":82},"end":{"line":102,"column":100}}],"line":102},"2":{"loc":{"start":{"line":117,"column":50},"end":{"line":117,"column":85}},"type":"binary-expr","locations":[{"start":{"line":117,"column":50},"end":{"line":117,"column":66}},{"start":{"line":117,"column":70},"end":{"line":117,"column":85}}],"line":117},"3":{"loc":{"start":{"line":127,"column":50},"end":{"line":127,"column":87}},"type":"binary-expr","locations":[{"start":{"line":127,"column":50},"end":{"line":127,"column":67}},{"start":{"line":127,"column":71},"end":{"line":127,"column":87}}],"line":127},"4":{"loc":{"start":{"line":137,"column":50},"end":{"line":137,"column":87}},"type":"binary-expr","locations":[{"start":{"line":137,"column":50},"end":{"line":137,"column":67}},{"start":{"line":137,"column":71},"end":{"line":137,"column":87}}],"line":137},"5":{"loc":{"start":{"line":148,"column":50},"end":{"line":148,"column":93}},"type":"binary-expr","locations":[{"start":{"line":148,"column":50},"end":{"line":148,"column":70}},{"start":{"line":148,"column":74},"end":{"line":148,"column":93}}],"line":148},"6":{"loc":{"start":{"line":162,"column":25},"end":{"line":165,"column":37}},"type":"cond-expr","locations":[{"start":{"line":163,"column":26},"end":{"line":164,"column":45}},{"start":{"line":165,"column":28},"end":{"line":165,"column":37}}],"line":162}},"s":{"0":0,"1":0,"2":0,"3":0,"4":0,"5":0,"6":0,"7":0,"8":0,"9":0,"10":0,"11":0,"12":0,"13":0,"14":0,"15":0,"16":0,"17":0},"f":{"0":0,"1":0,"2":0,"3":0,"4":0,"5":0,"6":0,"7":0,"8":0},"b":{"0":[0,0],"1":[0,0],"2":[0,0],"3":[0,0],"4":[0,0],"5":[0,0],"6":[0,0]},"hash":"4f7369fe4a236e39db5149a2b2a9ff29e535a648"}
,"C:\\Users\\Oisin\\Documents\\GitHub\\prescript-io\\components\\Reminders\\DeleteReminderModal.js": {"path":"C:\\Users\\Oisin\\Documents\\GitHub\\prescript-io\\components\\Reminders\\DeleteReminderModal.js","statementMap":{"0":{"start":{"line":17,"column":0},"end":{"line":17,"column":46}},"1":{"start":{"line":20,"column":4},"end":{"line":20,"column":17}},"2":{"start":{"line":21,"column":4},"end":{"line":27,"column":5}},"3":{"start":{"line":31,"column":25},"end":{"line":31,"column":35}},"4":{"start":{"line":33,"column":4},"end":{"line":45,"column":5}},"5":{"start":{"line":34,"column":28},"end":{"line":34,"column":51}},"6":{"start":{"line":35,"column":39},"end":{"line":35,"column":104}},"7":{"start":{"line":35,"column":75},"end":{"line":35,"column":102}},"8":{"start":{"line":37,"column":6},"end":{"line":40,"column":9}},"9":{"start":{"line":42,"column":6},"end":{"line":44,"column":9}},"10":{"start":{"line":48,"column":28},"end":{"line":64,"column":3}},"11":{"start":{"line":49,"column":17},"end":{"line":51,"column":6}},"12":{"start":{"line":50,"column":6},"end":{"line":50,"column":47}},"13":{"start":{"line":53,"column":4},"end":{"line":63,"column":5}},"14":{"start":{"line":54,"column":6},"end":{"line":62,"column":7}},"15":{"start":{"line":58,"column":39},"end":{"line":58,"column":87}},"16":{"start":{"line":67,"column":46},"end":{"line":67,"column":56}},"17":{"start":{"line":68,"column":33},"end":{"line":68,"column":43}},"18":{"start":{"line":69,"column":4},"end":{"line":119,"column":5}},"19":{"start":{"line":79,"column":18},"end":{"line":79,"column":40}},"20":{"start":{"line":93,"column":26},"end":{"line":93,"column":58}},"21":{"start":{"line":99,"column":43},"end":{"line":99,"column":73}},"22":{"start":{"line":108,"column":22},"end":{"line":108,"column":44}}},"fnMap":{"0":{"name":"(anonymous_0)","decl":{"start":{"line":19,"column":2},"end":{"line":19,"column":3}},"loc":{"start":{"line":19,"column":21},"end":{"line":28,"column":3}},"line":19},"1":{"name":"(anonymous_1)","decl":{"start":{"line":30,"column":2},"end":{"line":30,"column":3}},"loc":{"start":{"line":30,"column":22},"end":{"line":46,"column":3}},"line":30},"2":{"name":"(anonymous_2)","decl":{"start":{"line":35,"column":57},"end":{"line":35,"column":58}},"loc":{"start":{"line":35,"column":75},"end":{"line":35,"column":102}},"line":35},"3":{"name":"(anonymous_3)","decl":{"start":{"line":48,"column":28},"end":{"line":48,"column":29}},"loc":{"start":{"line":48,"column":34},"end":{"line":64,"column":3}},"line":48},"4":{"name":"(anonymous_4)","decl":{"start":{"line":49,"column":54},"end":{"line":49,"column":55}},"loc":{"start":{"line":49,"column":63},"end":{"line":51,"column":5}},"line":49},"5":{"name":"(anonymous_5)","decl":{"start":{"line":58,"column":33},"end":{"line":58,"column":34}},"loc":{"start":{"line":58,"column":39},"end":{"line":58,"column":87}},"line":58},"6":{"name":"(anonymous_6)","decl":{"start":{"line":66,"column":2},"end":{"line":66,"column":3}},"loc":{"start":{"line":66,"column":11},"end":{"line":120,"column":3}},"line":66},"7":{"name":"(anonymous_7)","decl":{"start":{"line":78,"column":32},"end":{"line":78,"column":33}},"loc":{"start":{"line":78,"column":38},"end":{"line":80,"column":17}},"line":78},"8":{"name":"(anonymous_8)","decl":{"start":{"line":92,"column":33},"end":{"line":92,"column":34}},"loc":{"start":{"line":92,"column":44},"end":{"li
[...]
":51}},"5":{"start":{"line":31,"column":14},"end":{"line":36,"column":3}},"6":{"start":{"line":32,"column":23},"end":{"line":34,"column":6}},"7":{"start":{"line":35,"column":4},"end":{"line":35,"column":41}},"8":{"start":{"line":38,"column":14},"end":{"line":43,"column":3}},"9":{"start":{"line":39,"column":23},"end":{"line":41,"column":6}},"10":{"start":{"line":42,"column":4},"end":{"line":42,"column":41}},"11":{"start":{"line":45,"column":22},"end":{"line":88,"column":3}},"12":{"start":{"line":46,"column":15},"end":{"line":46,"column":42}},"13":{"start":{"line":47,"column":4},"end":{"line":87,"column":5}},"14":{"start":{"line":48,"column":6},"end":{"line":48,"column":39}},"15":{"start":{"line":50,"column":6},"end":{"line":81,"column":7}},"16":{"start":{"line":51,"column":8},"end":{"line":61,"column":13}},"17":{"start":{"line":53,"column":12},"end":{"line":53,"column":60}},"18":{"start":{"line":54,"column":12},"end":{"line":57,"column":15}},"19":{"start":{"line":60,"column":12},"end":{"line":60,"column":31}},"20":{"start":{"line":63,"column":27},"end":{"line":65,"column":9}},"21":{"start":{"line":67,"column":8},"end":{"line":80,"column":94}},"22":{"start":{"line":75,"column":12},"end":{"line":77,"column":15}},"23":{"start":{"line":78,"column":12},"end":{"line":78,"column":75}},"24":{"start":{"line":80,"column":26},"end":{"line":80,"column":92}},"25":{"start":{"line":83,"column":6},"end":{"line":83,"column":21}},"26":{"start":{"line":84,"column":6},"end":{"line":84,"column":30}},"27":{"start":{"line":86,"column":6},"end":{"line":86,"column":40}},"28":{"start":{"line":90,"column":21},"end":{"line":116,"column":3}},"29":{"start":{"line":91,"column":15},"end":{"line":91,"column":42}},"30":{"start":{"line":92,"column":17},"end":{"line":104,"column":6}},"31":{"start":{"line":93,"column":18},"end":{"line":93,"column":38}},"32":{"start":{"line":94,"column":6},"end":{"line":96,"column":8}},"33":{"start":{"line":95,"column":8},"end":{"line":95,"column":30}},"34":{"start":{"line":97,"column":6},"end":{"line":100,"column":8}},"35":{"start":{"line":98,"column":8},"end":{"line":98,"column":23}},"36":{"start":{"line":99,"column":8},"end":{"line":99,"column":56}},"37":{"start":{"line":101,"column":6},"end":{"line":101,"column":32}},"38":{"start":{"line":102,"column":6},"end":{"line":102,"column":33}},"39":{"start":{"line":103,"column":6},"end":{"line":103,"column":21}},"40":{"start":{"line":106,"column":16},"end":{"line":112,"column":33}},"41":{"start":{"line":113,"column":21},"end":{"line":113,"column":40}},"42":{"start":{"line":114,"column":4},"end":{"line":114,"column":17}},"43":{"start":{"line":115,"column":4},"end":{"line":115,"column":47}},"44":{"start":{"line":119,"column":51},"end":{"line":119,"column":61}},"45":{"start":{"line":120,"column":32},"end":{"line":120,"column":42}},"46":{"start":{"line":121,"column":4},"end":{"line":165,"column":6}},"47":{"start":{"line":159,"column":35},"end":{"line":159,"column":97}}},"fnMap":{"0":{"name":"(anonymous_0)","decl":{"start":{"line":16,"column":2},"end":{"line":16,"column":3}},"loc":{"start":{"line":16,"column":21},"end":{"line":24,"column":3}},"line":16},"1":{"name":"(anonymous_1)","decl":{"start":{"line":26,"column":2},"end":{"line":26,"column":3}},"loc":{"start":{"line":26,"column":28},"end":{"line":29,"column":3}},"line":26},"2":{"name":"(anonymous_2)","decl":{"start":{"line":31,"column":14},"end":{"line":31,"column":15}},"loc":{"start":{"line":31,"column":26},"end":{"line":36,"column":3}},"line":31},"3":{"name":"(anonymous_3)","decl":{"start":{"line":38,"column":14},"end":{"line":38,"column":15}},"loc":{"start":{"line":38,"column":26},"end":{"line":43,"column":3}},"line":38},"4":{"name":"(anonymous_4)","decl":{"start":{"line":45,"column":22},"end":{"line":45,"column":23}},"loc":{"start":{"line":45,"column":46},"end":{"line":88,"column":3}},"line":45},"5":{"name":"(anonymous_5)","decl":{"start":{"line":52,"column":16},"end":{"line":52,"column":17}},"loc":{"start":{"line":52,"column":28},"end":{"line":58,"column":11}},"line":52},"6":{"name":"(anonymous_6)","decl":{"start":{"line":59,"column":17},"end":{"line":59,"column":18}},"loc":{"start":{"line":59,"column":26},"end":{"line":61,"column":11}},"line":59},"7":{"name":"(anonymous_7)","decl":{"start":{"line":74,"column":16},"end":{"line":74,"column":17}},"loc":{"start":{"line":74,"column":28},"end":{"line":79,"column":11}},"line":74},"8":{"name":"(anonymous_8)","decl":{"start":{"line":80,"column":17},"end":{"line":80,"column":18}},"loc":{"start":{"line":80,"column":26},"end":{"line":80,"column":92}},"line":80},"9":{"name":"(anonymous_9)","decl":{"start":{"line":90,"column":21},"end":{"line":90,"column":22}},"loc":{"start":{"line":90,"column":36},"end":{"line":116,"column":3}},"line":90},"10":{"name":"(anonymous_10)","decl":{"start":{"line":92,"column":35},"end":{"line":92,"column":36}},"loc":{"start":{"line":92,"column":56},"end":{"line":104,"column":5}},"line":92},"11":{"name":"(anonymous_11)","decl":{"start":{"line":94,"column":19},"end":{"line":94,"column":20}},"loc":{"start":{"line":94,"column":25},"end":{"line":96,"column":7}},"line":94},"12":{"name":"(anonymous_12)","decl":{"start":{"line":97,"column":20},"end":{"line":97,"column":21}},"loc":{"start":{"line":97,"column":27},"end":{"line":100,"column":7}},"line":97},"13":{"name":"(anonymous_13)","decl":{"start":{"line":118,"column":2},"end":{"line":118,"column":3}},"loc":{"start":{"line":118,"column":11},"end":{"line":166,"column":3}},"line":118},"14":{"name":"(anonymous_14)","decl":{"start":{"line":159,"column":29},"end":{"line":159,"column":30}},"loc":{"start":{"line":159,"column":35},"end":{"line":159,"column":97}},"line":159}},"branchMap":{"0":{"loc":{"start":{"line":50,"column":6},"end":{"line":81,"column":7}},"type":"if","locations":[{"start":{"line":50,"column":6},"end":{"line":81,"column":7}},{"start":{"line":50,"column":6},"end":{"line":81,"column":7}}],"line":50},"1":{"loc":{"start":{"line":123,"column":9},"end":{"line":163,"column":17}},"type":"cond-expr","locations":[{"start":{"line":124,"column":12},"end":{"line":124,"column":31}},{"start":{"line":125,"column":12},"end":{"line":163,"column":17}}],"line":123},"2":{"loc":{"start":{"line":126,"column":13},"end":{"line":132,"column":21}},"type":"cond-expr","locations":[{"start":{"line":128,"column":14},"end":{"line":128,"column":119}},{"start":{"line":129,"column":16},"end":{"line":132,"column":21}}],"line":126},"3":{"loc":{"start":{"line":134,"column":13},"end":{"line":139,"column":20}},"type":"cond-expr","locations":[{"start":{"line":135,"column":16},"end":{"line":138,"column":21}},{"start":{"line":139,"column":16},"end":{"line":139,"column":20}}],"line":134}},"s":{"0":0,"1":0,"2":0,"3":0,"4":0,"5":0,"6":0,"7":0,"8":0,"9":0,"10":0,"11":0,"12":0,"13":0,"14":0,"15":0,"16":0,"17":0,"18":0,"19":0,"20":0,"21":0,"22":0,"23":0,"24":0,"25":0,"26":0,"27":0,"28":0,"29":0,"30":0,"31":0,"32":0,"33":0,"34":0,"35":0,"36":0,"37":0,"38":0,"39":0,"40":0,"41":0,"42":0,"43":0,"44":0,"45":0,"46":0,"47":0},"f":{"0":0,"1":0,"2":0,"3":0,"4":0,"5":0,"6":0,"7":0,"8":0,"9":0,"10":0,"11":0,"12":0,"13":0,"14":0},"b":{"0":[0,0],"1":[0,0],"2":[0,0],"3":[0,0]},"hash":"cbaf7aa989ec9037e23ee1707d736ccbd6d48c0e"}
,"C:\\Users\\Oisin\\Documents\\GitHub\\prescript-io\\components\\camera\\Gallery.js": {"path":"C:\\Users\\Oisin\\Documents\\GitHub\\prescript-io\\components\\camera\\Gallery.js","statementMap":{"0":{"start":{"line":9,"column":19},"end":{"line":9,"column":58}},"1":{"start":{"line":12,"column":10},"end":{"line":17,"column":3}},"2":{"start":{"line":19,"column":22},"end":{"line":27,"column":3}},"3":{"start":{"line":20,"column":21},"end":{"line":20,"column":72}},"4":{"start":{"line":22,"column":4},"end":{"line":24,"column":5}},"5":{"start":{"line":23,"column":6},"end":{"line":23,"column":57}},"6":{"start":{"line":25,"column":19},"end":{"line":25,"column":66}},"7":{"start":{"line":26,"column":4},"end":{"line":26,"column":28}},"8":{"start":{"line":29,"column":20},"end":{"line":37,"column":3}},"9":{"start":{"line":30,"column":19},"end":{"line":30,"column":38}},"10":{"start":{"line":31,"column":4},"end":{"line":35,"column":5}},"11":{"start":{"line":32,"column":6},"end":{"line":32,"column":25}},"12":{"start":{"line":34,"column":6},"end":{"line":34,"column":55}},"13":{"start":{"line":34,"column":41},"end":{"line":34,"column":53}},"14":{"start":{"line":36,"column":4},"end":{"line":36,"column":30}},"15":{"start":{"line":39,"column":18},"end":{"line":52,"column":3}},"16":{"start":{"line":40,"column":19},"end":{"line":40,"column":38}},"17":{"start":{"line":42,"column":4},"end":{"line":51,"column":5}},"18":{"start":{"line":43,"column":23},"end":{"line":45,"column":8}},"19":{"start":{"line":44,"column":8},"end":{"line":44,"column":55}},"20":{"start":{"line":47,"column":6},"end":{"line":47,"column":34}},"21":{"start":{"line":48,"column":6},"end":{"line":48,"column":61}},"22":{"start":{"line":50,"column":6},"end":{"line":50,"column":34}},"23":{"start":{"line":54,"column":16},"end":{"line":59,"column":6}},"24":{"start":{"line":55,"column":4},"end":{"line":59,"column":6}},"25":{"start":{"line":62,"column":20},"end":{"line":62,"column":30}},"26":{"start":{"line":63,"column":4},"end":{"line":78,"column":6}},"27":{"start":{"line":74,"column":25},"end":{"line":74,"column":43}},"28":{"start":{"line":82,"column":15},"end":{"line":101,"column":2}}},"fnMap":{"0":{"name":"(anonymous_0)","decl":{"start":{"line":19,"column":22},"end":{"line":19,"column":23}},"loc":{"start":{"line":19,"column":34},"end":{"line":27,"column":3}},"line":19},"1":{"name":"(anonymous_1)","decl":{"start":{"line":29,"column":20},"end":{"line":29,"column":21}},"loc":{"start":{"line":29,"column":41},"end":{"line":37,"column":3}},"line":29},"2":{"name":"(anonymous_2)","decl":{"start":{"line":34,"column":33},"end":{"line":34,"column":34}},"loc":{"start":{"line":34,"column":41},"end":{"line":34,"column":53}},"line":34},"3":{"name":"(anonymous_3)","decl":{"start":{"line":39,"column":18},"end":{"line":39,"column":19}},"loc":{"start":{"line":39,"column":30},"end":{"line":52,"column":3}},"line":39},"4":{"name":"(anonymous_4)","decl":{"start":{"line":43,"column":34},"end":{"line":43,"column":35}},"loc":{"start":{"line":43,"column":46},"end":{"line":45,"column":7}},"line":43},"5":{"name":"(anonymous_5)","decl":{"start":{"line":54,"column":16},"end":{"line":54,"column":17}},"loc":{"start":{"line":55,"column":4},"end":{"line":59,"column":6}},"line":55},"6":{"name":"(anonymous_6)","decl":{"start":{"line":61,"column":2},"end":{"line":61,"column":3}},"loc":{"start":{"line":61,"column":11},"end":{"line":79,"column":3}},"line":61},"7":{"name":"(anonymous_7)","decl":{"start":{"line":74,"column":19},"end":{"line":74,"column":20}},"loc":{"start":{"line":74,"column":25},"end":{"line":74,"column":43}},"line":74}},"branchMap":{"0":{"loc":{"start":{"line":22,"column":4},"end":{"line":24,"column":5}},"type":"if","locations":[{"start":{"line":22,"column":4},"end":{"line":24,"column":5}},{"start":{"line":22,"column":4},"end":{"line":24,"column":5}}],"line":22},"1":{"loc":{"start":{"line":31,"column":4},"end":{"line":35,"column":5}},"type":"if","locations":[{"start":{"line":31,"column":4},"end":{"line":35,"column":5}},{"start":{"line":31,"column":4},"end":{"line":35,"column":5}}],"line":31},"2":{"loc":{"start":{"line":42,"column":4},"end":{"line":51,"column":5}},"type":"if","locations":[{"start":{"line":42,"column":4},"end":{"line":51,"column":5}},{"start":{"line":42,"column":4},"end":{"line":51,"column":5}}],"line":42}},"s":{"0":0,"1":0,"2":0,"3":0,"4":0,"5":0,"6":0,"7":0,"8":0,"9":0,"10":0,"11":0,"12":0,"13":0,"14":0,"15":0,"16":0,"17":0,"18":0,"19":0,"20":0,"21":0,"22":0,"23":0,"24":0,"25":0,"26":0,"27":0,"28":0},"f":{"0":0,"1":0,"2":0,"3":0,"4":0,"5":0,"6":0,"7":0},"b":{"0":[0,0],"1":[0,0],"2":[0,0]},"hash":"75b9d9339872b87db04b9131d6b2ea6f15ce915c"}
,"C:\\Users\\Oisin\\Documents\\GitHub\\prescript-io\\components\\camera\\Photo.js": {"path":"C:\\Users\\Oisin\\Documents\\GitHub\\prescript-io\\components\\camera\\Photo.js","statementMap":{"0":{"start":{"line":5,"column":20},"end":{"line":5,"column":23}},"1":{"start":{"line":9,"column":4},"end":{"line":9,"column":17}},"2":{"start":{"line":10,"column":4},"end":{"line":14,"column":6}},"3":{"start":{"line":17,"column":20},"end":{"line":22,"column":3}},"4":{"start":{"line":18,"column":4},"end":{"line":21,"column":6}},"5":{"start":{"line":20,"column":12},"end":{"line":20,"column":77}},"6":{"start":{"line":25,"column":18},"end":{"line":25,"column":28}},"7":{"start":{"line":26,"column":4},"end":{"line":38,"column":6}},"8":{"start":{"line":42,"column":15},"end":{"line":58,"column":2}}},"fnMap":{"0":{"name":"(anonymous_0)","decl":{"start":{"line":8,"column":2},"end":{"line":8,"column":3}},"loc":{"start":{"line":8,"column":21},"end":{"line":15,"column":3}},"line":8},"1":{"name":"(anonymous_1)","decl":{"start":{"line":17,"column":20},"end":{"line":17,"column":21}},"loc":{"start":{"line":17,"column":26},"end":{"line":22,"column":3}},"line":17},"2":{"name":"(anonymous_2)","decl":{"start":{"line":20,"column":6},"end":{"line":20,"column":7}},"loc":{"start":{"line":20,"column":12},"end":{"line":20,"column":77}},"line":20},"3":{"name":"(anonymous_3)","decl":{"start":{"line":24,"column":2},"end":{"line":24,"column":3}},"loc":{"start":{"line":24,"column":11},"end":{"line":39,"column":3}},"line":24}},"branchMap":{"0":{"loc":{"start":{"line":36,"column":9},"end":{"line":36,"column":96}},"type":"binary-expr","locations":[{"start":{"line":36,"column":9},"end":{"line":36,"column":28}},{"start":{"line":36,"column":32},"end":{"line":36,"column":96}}],"line":36}},"s":{"0":0,"1":0,"2":0,"3":0,"4":0,"5":0,"6":0,"7":0,"8":0},"f":{"0":0,"1":0,"2":0,"3":0},"b":{"0":[0,0]},"hash":"4e8aae8ca974f1c41fd0a74500db6e4f2864031b"}
,"C:\\Users\\Oisin\\Documents\\GitHub\\prescript-io\\components\\common\\DrawerNavigatorContent.js": {"path":"C:\\Users\\Oisin\\Documents\\GitHub\\prescript-io\\components\\common\\DrawerNavigatorContent.js","statementMap":{"0":{"start":{"line":10,"column":32},"end":{"line":10,"column":42}},"1":{"start":{"line":11,"column":4},"end":{"line":46,"column":6}},"2":{"start":{"line":15,"column":33},"end":{"line":15,"column":74}},"3":{"start":{"line":22,"column":33},"end":{"line":22,"column":76}},"4":{"start":{"line":28,"column":33},"end":{"line":28,"column":80}},"5":{"start":{"line":34,"column":33},"end":{"line":34,"column":74}},"6":{"start":{"line":42,"column":31},"end":{"line":42,"column":74}}},"fnMap":{"0":{"name":"(anonymous_0)","decl":{"start":{"line":9,"column":2},"end":{"line":9,"column":3}},"loc":{"start":{"line":9,"column":11},"end":{"line":47,"column":3}},"line":9},"1":{"name":"(anonymous_1)","decl":{"start":{"line":15,"column":27},"end":{"line":15,"column":28}},"loc":{"start":{"line":15,"column":33},"end":{"line":15,"column":74}},"line":15},"2":{"name":"(anonymous_2)","decl":{"start":{"line":22,"column":27},"end":{"line":22,"column":28}},"loc":{"start":{"line":22,"column":33},"end":{"line":22,"column":76}},"line":22},"3":{"name":"(anonymous_3)","decl":{"start":{"line":28,"column":27},"end":{"line":28,"column":28}},"loc":{"start":{"line":28,"column":33},"end":{"line":28,"column":80}},"line":28},"4":{"name":"(anonymous_4)","decl":{"start":{"line":34,"column":27},"end":{"line":34,"column":28}},"loc":{"start":{"line":34,"column":33},"end":{"line":34,"column":74}},"line":34},"5":{"name":"(anonymous_5)","decl":{"start":{"line":42,"column":25},"end":{"line":42,"column":26}},"loc":{"start":{"line":42,"column":31},"end":{"line":42,"column":74}},"line":42}},"branchMap":{},"s":{"0":0,"1":0,"2":0,"3":0,"4":0,"5":0,"6":0},"f":{"0":0,"1":0,"2":0,"3":0,"4":0,"5":0},"b":{},"hash":"3575faa999584f29638ef32c9b79ca7f59063940"}
,"C:\\Users\\Oisin\\Documents\\GitHub\\prescript-io\\components\\common\\ErrorMessage.js": {"path":"C:\\Users\\Oisin\\Documents\\GitHub\\prescript-io\\components\\common\\ErrorMessage.js","statementMap":{"0":{"start":{"line":8,"column":28},"end":{"line":12,"column":1}},"1":{"start":{"line":9,"column":2},"end":{"line":11,"column":9}}},"fnMap":{"0":{"name":"(anonymous_0)","decl":{"start":{"line":8,"column":28},"end":{"line":8,"column":29}},"loc":{"start":{"line":9,"column":2},"end":{"line":11,"column":9}},"line":9}},"branchMap":{},"s":{"0":3,"1":0},"f":{"0":0},"b":{},"_coverageSchema":"43e27e138ebf9cfc5966b082cf9a028302ed4184","hash":"0559e30fb3da530f0089b7097670bf961ccf4e4f"}
,"C:\\Users\\Oisin\\Documents\\GitHub\\prescript-io\\components\\common\\IsLoadingSpinner.js": {"path":"C:\\Users\\Oisin\\Documents\\GitHub\\prescript-io\\components\\common\\IsLoadingSpinner.js","statementMap":{"0":{"start":{"line":7,"column":27},"end":{"line":7,"column":32}},"1":{"start":{"line":8,"column":2},"end":{"line":20,"column":3}}},"fnMap":{"0":{"name":"IsLoadingSpinner","decl":{"start":{"line":6,"column":24},"end":{"line":6,"column":40}},"loc":{"start":{"line":6,"column":48},"end":{"line":21,"column":1}},"line":6}},"branchMap":{"0":{"loc":{"start":{"line":10,"column":7},"end":{"line":17,"column":15}},"type":"cond-expr","locations":[{"start":{"line":11,"column":10},"end":{"line":13,"column":15}},{"start":{"line":14,"column":10},"end":{"line":17,"column":15}}],"line":10}},"s":{"0":0,"1":0},"f":{"0":0},"b":{"0":[0,0]},"_coverageSchema":"43e27e138ebf9cfc5966b082cf9a028302ed4184","hash":"6d9423ccf5f61cdd48e5e38bd2b18ddb761edb8a"}
,"C:\\Users\\Oisin\\Documents\\GitHub\\prescript-io\\components\\common\\utils.js": {"path":"C:\\Users\\Oisin\\Documents\\GitHub\\prescript-io\\components\\common\\utils.js","statementMap":{"0":{"start":{"line":5,"column":2},"end":{"line":24,"column":5}},"1":{"start":{"line":7,"column":6},"end":{"line":14,"column":7}},"2":{"start":{"line":16,"column":4},"end":{"line":23,"column":5}},"3":{"start":{"line":28,"column":2},"end":{"line":33,"column":5}},"4":{"start":{"line":29,"column":4},"end":{"line":29,"column":66}},"5":{"start":{"line":31,"column":4},"end":{"line":31,"column":23}},"6":{"start":{"line":32,"column":4},"end":{"line":32,"column":16}}},"fnMap":{"0":{"name":"sendRegistrationEmail","decl":{"start":{"line":4,"column":16},"end":{"line":4,"column":37}},"loc":{"start":{"line":4,"column":45},"end":{"line":25,"column":1}},"line":4},"1":{"name":"(anonymous_1)","decl":{"start":{"line":6,"column":10},"end":{"line":6,"column":11}},"loc":{"start":{"line":6,"column":22},"end":{"line":15,"column":5}},"line":6},"2":{"name":"(anonymous_2)","decl":{"start":{"line":15,"column":13},"end":{"line":15,"column":14}},"loc":{"start":{"line":15,"column":24},"end":{"line":24,"column":3}},"line":15},"3":{"name":"signOut","decl":{"start":{"line":27,"column":16},"end":{"line":27,"column":23}},"loc":{"start":{"line":27,"column":52},"end":{"line":34,"column":1}},"line":27},"4":{"name":"(anonymous_4)","decl":{"start":{"line":28,"column":33},"end":{"line":28,"column":34}},"loc":{"start":{"line":28,"column":39},"end":{"line":30,"column":3}},"line":28},"5":{"name":"(anonymous_5)","decl":{"start":{"line":30,"column":11},"end":{"line":30,"column":12}},"loc":{"start":{"line":30,"column":22},"end":{"line":33,"column":3}},"line":30}},"branchMap":{},"s":{"0":0,"1":0,"2":0,"3":0,"4":0,"5":0,"6":0},"f":{"0":0,"1":0,"2":0,"3":0,"4":0,"5":0},"b":{},"hash":"e6d5e6c3eaaba04179b11c1b54558c63a824e1fb"}
,"C:\\Users\\Oisin\\Documents\\GitHub\\prescript-io\\components\\themes\\CustomTheme.js": {"path":"C:\\Users\\Oisin\\Documents\\GitHub\\prescript-io\\components\\themes\\CustomTheme.js","statementMap":{"0":{"start":{"line":4,"column":20},"end":{"line":37,"column":1}}},"fnMap":{},"branchMap":{},"s":{"0":0},"f":{},"b":{},"hash":"d9ab209fd8a67a17db72b33c449528e294f4b691"}
,"C:\\Users\\Oisin\\Documents\\GitHub\\prescript-io\\components\\themes\\styles.js": {"path":"C:\\Users\\Oisin\\Documents\\GitHub\\prescript-io\\components\\themes\\styles.js","statementMap":{},"fnMap":{},"branchMap":{},"s":{},"f":{},"b":{},"_coverageSchema":"43e27e138ebf9cfc5966b082cf9a028302ed4184","hash":"ab962f954729557384b989605beb42fcdfe5fd66"}
}
