TN:
SF:C:\Users\Oisin\Documents\GitHub\prescript-io\App.js
FN:26,(anonymous_0)
FN:28,(anonymous_1)
FN:33,(anonymous_2)
FN:35,(anonymous_3)
FN:40,(anonymous_4)
FN:42,(anonymous_5)
FN:47,(anonymous_6)
FN:48,(anonymous_7)
FN:53,(anonymous_8)
FN:55,(anonymous_9)
FN:128,(anonymous_10)
FN:136,(anonymous_11)
FN:141,(anonymous_12)
FN:166,(anonymous_13)
FN:171,(anonymous_14)
FN:178,(anonymous_15)
FNF:16
FNH:0
FNDA:0,(anonymous_0)
FNDA:0,(anonymous_1)
FNDA:0,(anonymous_2)
FNDA:0,(anonymous_3)
FNDA:0,(anonymous_4)
FNDA:0,(anonymous_5)
FNDA:0,(anonymous_6)
FNDA:0,(anonymous_7)
FNDA:0,(anonymous_8)
FNDA:0,(anonymous_9)
FNDA:0,(anonymous_10)
FNDA:0,(anonymous_11)
FNDA:0,(anonymous_12)
FNDA:0,(anonymous_13)
FNDA:0,(anonymous_14)
FNDA:0,(anonymous_15)
DA:21,0
DA:22,0
DA:26,0
DA:28,0
DA:33,0
DA:35,0
DA:40,0
DA:42,0
DA:47,0
DA:48,0
DA:53,0
DA:55,0
DA:61,0
DA:74,0
DA:100,0
DA:120,0
DA:122,0
DA:126,0
DA:129,0
DA:130,0
DA:137,0
DA:138,0
DA:141,0
DA:148,0
DA:149,0
DA:159,0
DA:166,0
DA:167,0
DA:168,0
DA:171,0
DA:172,0
DA:173,0
DA:178,0
DA:179,0
DA:182,0
DA:183,0
LF:36
LH:0
BRDA:137,0,0,0
BRDA:137,0,1,0
BRDA:148,1,0,0
BRDA:148,1,1,0
BRF:4
BRH:0
end_of_record
TN:
SF:C:\Users\Oisin\Documents\GitHub\prescript-io\firebaseConfig.js
FNF:0
FNH:0
DA:4,3
DA:15,3
DA:17,3
LF:3
LH:3
BRF:0
BRH:0
end_of_record
TN:
SF:C:\Users\Oisin\Documents\GitHub\prescript-io\setup-tests.js
FN:11,copyProps
FNF:1
FNH:0
FNDA:0,copyProps
DA:6,0
DA:8,0
DA:9,0
DA:12,0
DA:18,0
DA:19,0
DA:20,0
DA:23,0
DA:25,0
LF:9
LH:0
BRF:0
BRH:0
end_of_record
TN:
SF:C:\Users\Oisin\Documents\GitHub\prescript-io\components\Login\Login.js
FN:36,(anonymous_0)
FN:47,(anonymous_1)
FN:51,(anonymous_2)
FN:52,(anonymous_3)
FN:69,(anonymous_4)
FN:73,(anonymous_5)
FN:87,(anonymous_6)
FN:91,(anonymous_7)
FN:98,(anonymous_8)
FN:103,(anonymous_9)
FN:118,(anonymous_10)
FN:120,(anonymous_11)
FN:170,(anonymous_12)
FN:174,(anonymous_13)
FNF:14
FNH:5
FNDA:6,(anonymous_0)
FNDA:6,(anonymous_1)
FNDA:6,(anonymous_2)
FNDA:4,(anonymous_3)
FNDA:0,(anonymous_4)
FNDA:0,(anonymous_5)
FNDA:0,(anonymous_6)
FNDA:0,(anonymous_7)
FNDA:0,(anonymous_8)
FNDA:13,(anonymous_9)
FNDA:0,(anonymous_10)
FNDA:0,(anonymous_11)
FNDA:0,(anonymous_12)
FNDA:0,(anonymous_13)
DA:23,3
DA:34,3
DA:37,6
DA:38,6
DA:48,6
DA:51,6
DA:52,6
DA:53,4
DA:54,0
DA:59,0
DA:61,4
DA:70,0
DA:73,6
DA:74,0
DA:87,6
DA:88,0
DA:92,0
DA:95,0
DA:96,0
DA:99,0
DA:104,13
DA:105,13
DA:106,13
DA:107,13
DA:108,13
DA:118,0
DA:130,0
DA:170,0
DA:174,0
LF:29
LH:16
BRDA:53,0,0,0
BRDA:53,0,1,4
BRDA:70,1,0,0
BRDA:70,1,1,0
BRDA:109,2,0,4
BRDA:109,2,1,9
BRDA:110,3,0,9
BRDA:110,3,1,4
BRDA:110,4,0,13
BRDA:110,4,1,9
BRDA:141,5,0,0
BRDA:141,5,1,0
BRDA:155,6,0,0
BRDA:155,6,1,0
BRDA:157,7,0,0
BRDA:157,7,1,0
BRDA:165,8,0,0
BRDA:165,8,1,0
BRDA:178,9,0,0
BRDA:178,9,1,0
BRDA:178,10,0,4
BRDA:178,10,1,0
BRF:22
BRH:8
end_of_record
TN:
SF:C:\Users\Oisin\Documents\GitHub\prescript-io\components\Prescriptions\AddPrescriptionModal.js
FN:47,(anonymous_0)
FN:62,(anonymous_1)
FN:70,(anonymous_2)
FN:80,(anonymous_3)
FN:95,(anonymous_4)
FN:97,(anonymous_5)
FN:186,(anonymous_6)
FNF:7
FNH:0
FNDA:0,(anonymous_0)
FNDA:0,(anonymous_1)
FNDA:0,(anonymous_2)
FNDA:0,(anonymous_3)
FNDA:0,(anonymous_4)
FNDA:0,(anonymous_5)
FNDA:0,(anonymous_6)
DA:20,0
DA:47,0
DA:48,0
DA:60,0
DA:63,0
DA:64,0
DA:71,0
DA:72,0
DA:81,0
DA:95,0
DA:107,0
DA:187,0
LF:12
LH:0
BRDA:73,0,0,0
BRDA:73,0,1,0
BRDA:116,1,0,0
BRDA:116,1,1,0
BRDA:126,2,0,0
BRDA:126,2,1,0
BRDA:136,3,0,0
BRDA:136,3,1,0
BRDA:147,4,0,0
BRDA:147,4,1,0
BRDA:158,5,0,0
BRDA:158,5,1,0
BRDA:169,6,0,0
BRDA:169,6,1,0
BRDA:177,7,0,0
BRDA:177,7,1,0
BRF:16
BRH:0
end_of_record
TN:
SF:C:\Users\Oisin\Documents\GitHub\prescript-io\components\Prescriptions\Prescriptions.js
FN:13,(anonymous_0)
FN:30,(anonymous_1)
FN:34,(anonymous_2)
FN:42,(anonymous_3)
FN:66,(anonymous_4)
FN:73,(anonymous_5)
FN:76,(anonymous_6)
FN:86,(anonymous_7)
FN:94,(anonymous_8)
FN:97,(anonymous_9)
FN:102,(anonymous_10)
FN:109,(anonymous_11)
FN:114,(anonymous_12)
FN:119,(anonymous_13)
FN:124,(anonymous_14)
FN:147,(anonymous_15)
FN:154,(anonymous_16)
FN:157,(anonymous_17)
FN:166,(anonymous_18)
FN:178,(anonymous_19)
FN:184,(anonymous_20)
FN:193,(anonymous_21)
FN:209,(anonymous_22)
FN:226,(anonymous_23)
FN:233,(anonymous_24)
FN:256,(anonymous_25)
FN:263,(anonymous_26)
FN:271,(anonymous_27)
FN:306,(anonymous_28)
FN:307,(anonymous_29)
FN:314,(anonymous_30)
FNF:31
FNH:0
FNDA:0,(anonymous_0)
FNDA:0,(anonymous_1)
FNDA:0,(anonymous_2)
FNDA:0,(anonymous_3)
FNDA:0,(anonymous_4)
FNDA:0,(anonymous_5)
FNDA:0,(anonymous_6)
FNDA:0,(anonymous_7)
FNDA:0,(anonymous_8)
FNDA:0,(anonymous_9)
FNDA:0,(anonymous_10)
FNDA:0,(anonymous_11)
FNDA:0,(anonymous_12)
FNDA:0,(anonymous_13)
FNDA:0,(anonymous_14)
FNDA:0,(anonymous_15)
FNDA:0,(anonymous_16)
FNDA:0,(anonymous_17)
FNDA:0,(anonymous_18)
FNDA:0,(anonymous_19)
FNDA:0,(anonymous_20)
FNDA:0,(anonymous_21)
FNDA:0,(anonymous_22)
FNDA:0,(anonymous_23)
FNDA:0,(anonymous_24)
FNDA:0,(anonymous_25)
FNDA:0,(anonymous_26)
FNDA:0,(anonymous_27)
FNDA:0,(anonymous_28)
FNDA:0,(anonymous_29)
FNDA:0,(anonymous_30)
DA:11,0
DA:14,0
DA:15,0
DA:30,0
DA:31,0
DA:34,0
DA:35,0
DA:36,0
DA:38,0
DA:42,0
DA:43,0
DA:44,0
DA:45,0
DA:47,0
DA:59,0
DA:67,0
DA:70,0
DA:71,0
DA:73,0
DA:76,0
DA:77,0
DA:79,0
DA:87,0
DA:91,0
DA:92,0
DA:94,0
DA:97,0
DA:98,0
DA:102,0
DA:109,0
DA:110,0
DA:111,0
DA:115,0
DA:120,0
DA:124,0
DA:125,0
DA:126,0
DA:135,0
DA:136,0
DA:140,0
DA:148,0
DA:151,0
DA:152,0
DA:154,0
DA:157,0
DA:158,0
DA:159,0
DA:166,0
DA:178,0
DA:184,0
DA:193,0
DA:194,0
DA:195,0
DA:200,0
DA:210,0
DA:220,0
DA:222,0
DA:223,0
DA:225,0
DA:226,0
DA:227,0
DA:233,0
DA:256,0
DA:263,0
DA:271,0
DA:283,0
DA:306,0
DA:307,0
DA:314,0
LF:69
LH:0
BRDA:35,0,0,0
BRDA:35,0,1,0
BRDA:125,1,0,0
BRDA:125,1,1,0
BRDA:172,2,0,0
BRDA:172,2,1,0
BRDA:194,3,0,0
BRDA:194,3,1,0
BRDA:222,4,0,0
BRDA:222,4,1,0
BRDA:225,5,0,0
BRDA:225,5,1,0
BRDA:225,6,0,0
BRDA:225,6,1,0
BRDA:236,7,0,0
BRDA:236,7,1,0
BRDA:260,8,0,0
BRDA:260,8,1,0
BRDA:285,9,0,0
BRDA:285,9,1,0
BRDA:287,10,0,0
BRDA:287,10,1,0
BRDA:287,11,0,0
BRDA:287,11,1,0
BRDA:291,12,0,0
BRDA:291,12,1,0
BRDA:291,13,0,0
BRDA:291,13,1,0
BRDA:300,14,0,0
BRDA:300,14,1,0
BRDA:312,15,0,0
BRDA:312,15,1,0
BRF:32
BRH:0
end_of_record
TN:
SF:C:\Users\Oisin\Documents\GitHub\prescript-io\components\Profile\AddInfoModal.js
FN:33,(anonymous_0)
FN:43,(anonymous_1)
FN:52,(anonymous_2)
FN:60,(anonymous_3)
FN:62,(anonymous_4)
FN:106,(anonymous_5)
FNF:6
FNH:0
FNDA:0,(anonymous_0)
FNDA:0,(anonymous_1)
FNDA:0,(anonymous_2)
FNDA:0,(anonymous_3)
FNDA:0,(anonymous_4)
FNDA:0,(anonymous_5)
DA:19,0
DA:31,0
DA:34,0
DA:35,0
DA:44,0
DA:45,0
DA:53,0
DA:60,0
DA:72,0
DA:107,0
LF:10
LH:0
BRDA:46,0,0,0
BRDA:46,0,1,0
BRDA:81,1,0,0
BRDA:81,1,1,0
BRDA:91,2,0,0
BRDA:91,2,1,0
BRDA:99,3,0,0
BRDA:99,3,1,0
BRF:8
BRH:0
end_of_record
TN:
SF:C:\Users\Oisin\Documents\GitHub\prescript-io\components\Profile\ChangePasswordModal.js
FN:37,(anonymous_0)
FN:45,(anonymous_1)
FN:54,(anonymous_2)
FN:62,(anonymous_3)
FN:64,(anonymous_4)
FN:121,(anonymous_5)
FNF:6
FNH:0
FNDA:0,(anonymous_0)
FNDA:0,(anonymous_1)
FNDA:0,(anonymous_2)
FNDA:0,(anonymous_3)
FNDA:0,(anonymous_4)
FNDA:0,(anonymous_5)
DA:19,0
DA:35,0
DA:38,0
DA:39,0
DA:46,0
DA:47,0
DA:55,0
DA:62,0
DA:74,0
DA:122,0
LF:10
LH:0
BRDA:48,0,0,0
BRDA:48,0,1,0
BRDA:84,1,0,0
BRDA:84,1,1,0
BRDA:95,2,0,0
BRDA:95,2,1,0
BRDA:106,3,0,0
BRDA:106,3,1,0
BRDA:114,4,0,0
BRDA:114,4,1,0
BRF:10
BRH:0
end_of_record
TN:
SF:C:\Users\Oisin\Documents\GitHub\prescript-io\components\Profile\DeleteAccountModal.js
FN:26,(anonymous_0)
FN:34,(anonymous_1)
FN:43,(anonymous_2)
FN:51,(anonymous_3)
FN:53,(anonymous_4)
FN:90,(anonymous_5)
FNF:6
FNH:0
FNDA:0,(anonymous_0)
FNDA:0,(anonymous_1)
FNDA:0,(anonymous_2)
FNDA:0,(anonymous_3)
FNDA:0,(anonymous_4)
FNDA:0,(anonymous_5)
DA:19,0
DA:24,0
DA:27,0
DA:28,0
DA:35,0
DA:36,0
DA:44,0
DA:51,0
DA:63,0
DA:91,0
LF:10
LH:0
BRDA:37,0,0,0
BRDA:37,0,1,0
BRDA:73,1,0,0
BRDA:73,1,1,0
BRDA:83,2,0,0
BRDA:83,2,1,0
BRF:6
BRH:0
end_of_record
TN:
SF:C:\Users\Oisin\Documents\GitHub\prescript-io\components\Profile\Profile.js
FN:24,(anonymous_0)
FN:42,(anonymous_1)
FN:43,(anonymous_2)
FN:54,(anonymous_3)
FN:55,(anonymous_4)
FN:58,(anonymous_5)
FN:66,(anonymous_6)
FN:72,(anonymous_7)
FN:77,(anonymous_8)
FN:85,(anonymous_9)
FN:93,(anonymous_10)
FN:101,(anonymous_11)
FN:113,(anonymous_12)
FN:119,(anonymous_13)
FN:124,(anonymous_14)
FN:131,(anonymous_15)
FN:134,(anonymous_16)
FN:139,(anonymous_17)
FN:149,(anonymous_18)
FN:151,(anonymous_19)
FN:155,(anonymous_20)
FN:158,(anonymous_21)
FN:160,(anonymous_22)
FN:164,(anonymous_23)
FN:170,(anonymous_24)
FN:175,(anonymous_25)
FN:178,(anonymous_26)
FN:183,(anonymous_27)
FN:200,(anonymous_28)
FN:219,(anonymous_29)
FN:232,(anonymous_30)
FN:235,(anonymous_31)
FN:243,(anonymous_32)
FN:246,(anonymous_33)
FN:254,(anonymous_34)
FN:257,(anonymous_35)
FN:263,(anonymous_36)
FN:270,(anonymous_37)
FN:279,(anonymous_38)
FNF:39
FNH:0
FNDA:0,(anonymous_0)
FNDA:0,(anonymous_1)
FNDA:0,(anonymous_2)
FNDA:0,(anonymous_3)
FNDA:0,(anonymous_4)
FNDA:0,(anonymous_5)
FNDA:0,(anonymous_6)
FNDA:0,(anonymous_7)
FNDA:0,(anonymous_8)
FNDA:0,(anonymous_9)
FNDA:0,(anonymous_10)
FNDA:0,(anonymous_11)
FNDA:0,(anonymous_12)
FNDA:0,(anonymous_13)
FNDA:0,(anonymous_14)
FNDA:0,(anonymous_15)
FNDA:0,(anonymous_16)
FNDA:0,(anonymous_17)
FNDA:0,(anonymous_18)
FNDA:0,(anonymous_19)
FNDA:0,(anonymous_20)
FNDA:0,(anonymous_21)
FNDA:0,(anonymous_22)
FNDA:0,(anonymous_23)
FNDA:0,(anonymous_24)
FNDA:0,(anonymous_25)
FNDA:0,(anonymous_26)
FNDA:0,(anonymous_27)
FNDA:0,(anonymous_28)
FNDA:0,(anonymous_29)
FNDA:0,(anonymous_30)
FNDA:0,(anonymous_31)
FNDA:0,(anonymous_32)
FNDA:0,(anonymous_33)
FNDA:0,(anonymous_34)
FNDA:0,(anonymous_35)
FNDA:0,(anonymous_36)
FNDA:0,(anonymous_37)
FNDA:0,(anonymous_38)
DA:22,0
DA:25,0
DA:26,0
DA:42,0
DA:43,0
DA:44,0
DA:46,0
DA:47,0
DA:50,0
DA:55,0
DA:58,0
DA:59,0
DA:60,0
DA:63,0
DA:67,0
DA:73,0
DA:77,0
DA:78,0
DA:79,0
DA:81,0
DA:85,0
DA:86,0
DA:87,0
DA:89,0
DA:93,0
DA:94,0
DA:95,0
DA:97,0
DA:101,0
DA:102,0
DA:103,0
DA:105,0
DA:110,0
DA:114,0
DA:117,0
DA:119,0
DA:121,0
DA:124,0
DA:125,0
DA:130,0
DA:132,0
DA:135,0
DA:139,0
DA:140,0
DA:141,0
DA:143,0
DA:150,0
DA:152,0
DA:156,0
DA:158,0
DA:159,0
DA:161,0
DA:164,0
DA:170,0
DA:171,0
DA:172,0
DA:174,0
DA:176,0
DA:179,0
DA:184,0
DA:185,0
DA:186,0
DA:201,0
DA:220,0
DA:232,0
DA:235,0
DA:243,0
DA:246,0
DA:254,0
DA:257,0
DA:263,0
DA:270,0
DA:279,0
LF:73
LH:0
BRDA:46,0,0,0
BRDA:46,0,1,0
BRDA:59,1,0,0
BRDA:59,1,1,0
BRDA:78,2,0,0
BRDA:78,2,1,0
BRDA:86,3,0,0
BRDA:86,3,1,0
BRDA:94,4,0,0
BRDA:94,4,1,0
BRDA:187,5,0,0
BRDA:187,5,1,0
BRDA:188,6,0,0
BRDA:188,6,1,0
BRDA:190,7,0,0
BRDA:190,7,1,0
BRDA:194,8,0,0
BRDA:194,8,1,0
BRDA:196,9,0,0
BRDA:196,9,1,0
BRDA:197,10,0,0
BRDA:197,10,1,0
BRDA:209,11,0,0
BRDA:209,11,1,0
BRDA:209,12,0,0
BRDA:209,12,1,0
BRDA:213,13,0,0
BRDA:213,13,1,0
BRDA:213,14,0,0
BRDA:213,14,1,0
BRDA:216,15,0,0
BRDA:216,15,1,0
BRDA:216,16,0,0
BRDA:216,16,1,0
BRDA:223,17,0,0
BRDA:223,17,1,0
BRDA:228,18,0,0
BRDA:228,18,1,0
BRDA:239,19,0,0
BRDA:239,19,1,0
BRDA:250,20,0,0
BRDA:250,20,1,0
BRF:42
BRH:0
end_of_record
TN:
SF:C:\Users\Oisin\Documents\GitHub\prescript-io\components\Register\Register.js
FN:45,(anonymous_0)
FN:53,(anonymous_1)
FN:57,(anonymous_2)
FN:62,(anonymous_3)
FN:67,(anonymous_4)
FN:80,(anonymous_5)
FN:81,(anonymous_6)
FN:85,(anonymous_7)
FN:86,(anonymous_8)
FN:89,(anonymous_9)
FN:110,(anonymous_10)
FN:112,(anonymous_11)
FN:181,(anonymous_12)
FNF:13
FNH:0
FNDA:0,(anonymous_0)
FNDA:0,(anonymous_1)
FNDA:0,(anonymous_2)
FNDA:0,(anonymous_3)
FNDA:0,(anonymous_4)
FNDA:0,(anonymous_5)
FNDA:0,(anonymous_6)
FNDA:0,(anonymous_7)
FNDA:0,(anonymous_8)
FNDA:0,(anonymous_9)
FNDA:0,(anonymous_10)
FNDA:0,(anonymous_11)
FNDA:0,(anonymous_12)
DA:23,0
DA:43,0
DA:46,0
DA:47,0
DA:53,0
DA:54,0
DA:58,0
DA:59,0
DA:60,0
DA:63,0
DA:67,0
DA:68,0
DA:70,0
DA:77,0
DA:80,0
DA:81,0
DA:83,0
DA:85,0
DA:86,0
DA:90,0
DA:91,0
DA:92,0
DA:110,0
DA:122,0
DA:181,0
LF:25
LH:0
BRDA:94,0,0,0
BRDA:94,0,1,0
BRDA:130,1,0,0
BRDA:130,1,1,0
BRDA:139,2,0,0
BRDA:139,2,1,0
BRDA:148,3,0,0
BRDA:148,3,1,0
BRDA:157,4,0,0
BRDA:157,4,1,0
BRDA:167,5,0,0
BRDA:167,5,1,0
BRDA:171,6,0,0
BRDA:171,6,1,0
BRF:14
BRH:0
end_of_record
TN:
SF:C:\Users\Oisin\Documents\GitHub\prescript-io\components\Reminders\AddReminderModal.js
FN:42,(anonymous_0)
FN:52,(anonymous_1)
FN:56,(anonymous_2)
FN:60,(anonymous_3)
FN:67,(anonymous_4)
FN:78,(anonymous_5)
FN:87,(anonymous_6)
FN:89,(anonymous_7)
FN:170,(anonymous_8)
FNF:9
FNH:0
FNDA:0,(anonymous_0)
FNDA:0,(anonymous_1)
FNDA:0,(anonymous_2)
FNDA:0,(anonymous_3)
FNDA:0,(anonymous_4)
FNDA:0,(anonymous_5)
FNDA:0,(anonymous_6)
FNDA:0,(anonymous_7)
FNDA:0,(anonymous_8)
DA:22,0
DA:40,0
DA:43,0
DA:44,0
DA:52,0
DA:53,0
DA:56,0
DA:57,0
DA:60,0
DA:61,0
DA:64,0
DA:68,0
DA:69,0
DA:70,0
DA:79,0
DA:87,0
DA:99,0
DA:171,0
LF:18
LH:0
BRDA:71,0,0,0
BRDA:71,0,1,0
BRDA:102,1,0,0
BRDA:102,1,1,0
BRDA:117,2,0,0
BRDA:117,2,1,0
BRDA:127,3,0,0
BRDA:127,3,1,0
BRDA:137,4,0,0
BRDA:137,4,1,0
BRDA:148,5,0,0
BRDA:148,5,1,0
BRDA:162,6,0,0
BRDA:162,6,1,0
BRF:14
BRH:0
end_of_record
TN:
SF:C:\Users\Oisin\Documents\GitHub\prescript-io\components\Reminders\DeleteReminderModal.js
FN:19,(anonymous_0)
FN:30,(anonymous_1)
FN:35,(anonymous_2)
FN:48,(anonymous_3)
FN:49,(anonymous_4)
FN:58,(anonymous_5)
FN:66,(anonymous_6)
FN:78,(anonymous_7)
FN:92,(anonymous_8)
FN:99,(anonymous_9)
FN:107,(anonymous_10)
FNF:11
FNH:0
FNDA:0,(anonymous_0)
FNDA:0,(anonymous_1)
FNDA:0,(anonymous_2)
FNDA:0,(anonymous_3)
FNDA:0,(anonymous_4)
FNDA:0,(anonymous_5)
FNDA:0,(anonymous_6)
FNDA:0,(anonymous_7)
FNDA:0,(anonymous_8)
FNDA:0,(anonymous_9)
FNDA:0,(anonymous_10)
DA:17,0
DA:20,0
DA:21,0
DA:31,0
DA:33,0
DA:34,0
DA:35,0
DA:37,0
DA:42,0
DA:48,0
DA:49,0
DA:50,0
DA:53,0
DA:54,0
DA:58,0
DA:67,0
DA:68,0
DA:69,0
DA:79,0
DA:93,0
DA:99,0
DA:108,0
LF:22
LH:0
BRDA:33,0,0,0
BRDA:33,0,1,0
BRDA:53,1,0,0
BRDA:53,1,1,0
BRDA:70,2,0,0
BRDA:70,2,1,0
BRDA:83,3,0,0
BRDA:83,3,1,0
BRF:8
BRH:0
end_of_record
TN:
SF:C:\Users\Oisin\Documents\GitHub\prescript-io\components\Reminders\Reminders.js
FN:14,(anonymous_0)
FN:27,(anonymous_1)
FN:31,(anonymous_2)
FN:36,(anonymous_3)
FN:41,(anonymous_4)
FN:46,(anonymous_5)
FN:57,(anonymous_6)
FN:64,(anonymous_7)
FN:73,(anonymous_8)
FN:77,(anonymous_9)
FN:85,(anonymous_10)
FN:93,(anonymous_11)
FN:103,(anonymous_12)
FN:112,(anonymous_13)
FN:115,(anonymous_14)
FN:128,(anonymous_15)
FN:136,(anonymous_16)
FN:145,(anonymous_17)
FN:155,(anonymous_18)
FN:158,(anonymous_19)
FN:166,(anonymous_20)
FN:169,(anonymous_21)
FN:178,(anonymous_22)
FN:183,(anonymous_23)
FNF:24
FNH:0
FNDA:0,(anonymous_0)
FNDA:0,(anonymous_1)
FNDA:0,(anonymous_2)
FNDA:0,(anonymous_3)
FNDA:0,(anonymous_4)
FNDA:0,(anonymous_5)
FNDA:0,(anonymous_6)
FNDA:0,(anonymous_7)
FNDA:0,(anonymous_8)
FNDA:0,(anonymous_9)
FNDA:0,(anonymous_10)
FNDA:0,(anonymous_11)
FNDA:0,(anonymous_12)
FNDA:0,(anonymous_13)
FNDA:0,(anonymous_14)
FNDA:0,(anonymous_15)
FNDA:0,(anonymous_16)
FNDA:0,(anonymous_17)
FNDA:0,(anonymous_18)
FNDA:0,(anonymous_19)
FNDA:0,(anonymous_20)
FNDA:0,(anonymous_21)
FNDA:0,(anonymous_22)
FNDA:0,(anonymous_23)
DA:12,0
DA:15,0
DA:16,0
DA:28,0
DA:31,0
DA:32,0
DA:33,0
DA:37,0
DA:42,0
DA:46,0
DA:47,0
DA:48,0
DA:49,0
DA:50,0
DA:58,0
DA:61,0
DA:62,0
DA:64,0
DA:66,0
DA:74,0
DA:77,0
DA:78,0
DA:79,0
DA:81,0
DA:85,0
DA:86,0
DA:87,0
DA:89,0
DA:93,0
DA:94,0
DA:96,0
DA:104,0
DA:108,0
DA:109,0
DA:110,0
DA:112,0
DA:116,0
DA:117,0
DA:118,0
DA:129,0
DA:137,0
DA:138,0
DA:139,0
DA:145,0
DA:155,0
DA:158,0
DA:166,0
DA:169,0
DA:178,0
DA:183,0
LF:50
LH:0
BRDA:49,0,0,0
BRDA:49,0,1,0
BRDA:49,1,0,0
BRDA:49,1,1,0
BRDA:49,1,2,0
BRDA:78,2,0,0
BRDA:78,2,1,0
BRDA:86,3,0,0
BRDA:86,3,1,0
BRDA:121,4,0,0
BRDA:121,4,1,0
BRDA:122,5,0,0
BRDA:122,5,1,0
BRDA:151,6,0,0
BRDA:151,6,1,0
BRDA:162,7,0,0
BRDA:162,7,1,0
BRDA:175,8,0,0
BRDA:175,8,1,0
BRF:19
BRH:0
end_of_record
TN:
SF:C:\Users\Oisin\Documents\GitHub\prescript-io\components\ResetPassword\ResetPassword.js
FN:33,(anonymous_0)
FN:42,(anonymous_1)
FN:47,(anonymous_2)
FN:52,(anonymous_3)
FN:57,(anonymous_4)
FN:72,(anonymous_5)
FN:85,(anonymous_6)
FN:87,(anonymous_7)
FN:117,(anonymous_8)
FNF:9
FNH:0
FNDA:0,(anonymous_0)
FNDA:0,(anonymous_1)
FNDA:0,(anonymous_2)
FNDA:0,(anonymous_3)
FNDA:0,(anonymous_4)
FNDA:0,(anonymous_5)
FNDA:0,(anonymous_6)
FNDA:0,(anonymous_7)
FNDA:0,(anonymous_8)
DA:24,0
DA:31,0
DA:34,0
DA:35,0
DA:42,0
DA:43,0
DA:44,0
DA:46,0
DA:48,0
DA:52,0
DA:58,0
DA:59,0
DA:64,0
DA:73,0
DA:74,0
DA:75,0
DA:76,0
DA:85,0
DA:97,0
DA:117,0
LF:20
LH:0
BRDA:58,0,0,0
BRDA:58,0,1,0
BRDA:77,1,0,0
BRDA:77,1,1,0
BRDA:105,2,0,0
BRDA:105,2,1,0
BRDA:105,2,2,0
BRDA:105,2,3,0
BRDA:108,3,0,0
BRDA:108,3,1,0
BRF:10
BRH:0
end_of_record
TN:
SF:C:\Users\Oisin\Documents\GitHub\prescript-io\components\camera\Camera.js
FN:16,(anonymous_0)
FN:26,(anonymous_1)
FN:31,(anonymous_2)
FN:38,(anonymous_3)
FN:45,(anonymous_4)
FN:52,(anonymous_5)
FN:59,(anonymous_6)
FN:74,(anonymous_7)
FN:80,(anonymous_8)
FN:90,(anonymous_9)
FN:92,(anonymous_10)
FN:94,(anonymous_11)
FN:97,(anonymous_12)
FN:118,(anonymous_13)
FN:159,(anonymous_14)
FNF:15
FNH:0
FNDA:0,(anonymous_0)
FNDA:0,(anonymous_1)
FNDA:0,(anonymous_2)
FNDA:0,(anonymous_3)
FNDA:0,(anonymous_4)
FNDA:0,(anonymous_5)
FNDA:0,(anonymous_6)
FNDA:0,(anonymous_7)
FNDA:0,(anonymous_8)
FNDA:0,(anonymous_9)
FNDA:0,(anonymous_10)
FNDA:0,(anonymous_11)
FNDA:0,(anonymous_12)
FNDA:0,(anonymous_13)
FNDA:0,(anonymous_14)
DA:14,0
DA:17,0
DA:18,0
DA:27,0
DA:28,0
DA:31,0
DA:32,0
DA:35,0
DA:38,0
DA:39,0
DA:42,0
DA:45,0
DA:46,0
DA:47,0
DA:48,0
DA:50,0
DA:51,0
DA:53,0
DA:54,0
DA:60,0
DA:63,0
DA:67,0
DA:75,0
DA:78,0
DA:80,0
DA:83,0
DA:84,0
DA:86,0
DA:90,0
DA:91,0
DA:92,0
DA:93,0
DA:94,0
DA:95,0
DA:97,0
DA:98,0
DA:99,0
DA:101,0
DA:102,0
DA:103,0
DA:106,0
DA:113,0
DA:114,0
DA:115,0
DA:119,0
DA:120,0
DA:121,0
DA:159,0
LF:48
LH:0
BRDA:50,0,0,0
BRDA:50,0,1,0
BRDA:123,1,0,0
BRDA:123,1,1,0
BRDA:126,2,0,0
BRDA:126,2,1,0
BRDA:134,3,0,0
BRDA:134,3,1,0
BRF:8
BRH:0
end_of_record
TN:
SF:C:\Users\Oisin\Documents\GitHub\prescript-io\components\camera\Gallery.js
FN:19,(anonymous_0)
FN:29,(anonymous_1)
FN:34,(anonymous_2)
FN:39,(anonymous_3)
FN:43,(anonymous_4)
FN:54,(anonymous_5)
FN:61,(anonymous_6)
FN:74,(anonymous_7)
FNF:8
FNH:0
FNDA:0,(anonymous_0)
FNDA:0,(anonymous_1)
FNDA:0,(anonymous_2)
FNDA:0,(anonymous_3)
FNDA:0,(anonymous_4)
FNDA:0,(anonymous_5)
FNDA:0,(anonymous_6)
FNDA:0,(anonymous_7)
DA:9,0
DA:12,0
DA:19,0
DA:20,0
DA:22,0
DA:23,0
DA:25,0
DA:26,0
DA:29,0
DA:30,0
DA:31,0
DA:32,0
DA:34,0
DA:36,0
DA:39,0
DA:40,0
DA:42,0
DA:43,0
DA:44,0
DA:47,0
DA:48,0
DA:50,0
DA:54,0
DA:55,0
DA:62,0
DA:63,0
DA:74,0
DA:82,0
LF:28
LH:0
BRDA:22,0,0,0
BRDA:22,0,1,0
BRDA:31,1,0,0
BRDA:31,1,1,0
BRDA:42,2,0,0
BRDA:42,2,1,0
BRF:6
BRH:0
end_of_record
TN:
SF:C:\Users\Oisin\Documents\GitHub\prescript-io\components\camera\Photo.js
FN:8,(anonymous_0)
FN:17,(anonymous_1)
FN:20,(anonymous_2)
FN:24,(anonymous_3)
FNF:4
FNH:0
FNDA:0,(anonymous_0)
FNDA:0,(anonymous_1)
FNDA:0,(anonymous_2)
FNDA:0,(anonymous_3)
DA:5,0
DA:9,0
DA:10,0
DA:17,0
DA:18,0
DA:20,0
DA:25,0
DA:26,0
DA:42,0
LF:9
LH:0
BRDA:36,0,0,0
BRDA:36,0,1,0
BRF:2
BRH:0
end_of_record
TN:
SF:C:\Users\Oisin\Documents\GitHub\prescript-io\components\common\DrawerNavigatorContent.js
FN:9,(anonymous_0)
FN:15,(anonymous_1)
FN:22,(anonymous_2)
FN:28,(anonymous_3)
FN:34,(anonymous_4)
FN:42,(anonymous_5)
FNF:6
FNH:0
FNDA:0,(anonymous_0)
FNDA:0,(anonymous_1)
FNDA:0,(anonymous_2)
FNDA:0,(anonymous_3)
FNDA:0,(anonymous_4)
FNDA:0,(anonymous_5)
DA:10,0
DA:11,0
DA:15,0
DA:22,0
DA:28,0
DA:34,0
DA:42,0
LF:7
LH:0
BRF:0
BRH:0
end_of_record
TN:
SF:C:\Users\Oisin\Documents\GitHub\prescript-io\components\common\ErrorMessage.js
FN:8,(anonymous_0)
FNF:1
FNH:0
FNDA:0,(anonymous_0)
DA:8,3
DA:9,0
LF:2
LH:1
BRF:0
BRH:0
end_of_record
TN:
SF:C:\Users\Oisin\Documents\GitHub\prescript-io\components\common\IsLoadingSpinner.js
FN:6,IsLoadingSpinner
FNF:1
FNH:0
FNDA:0,IsLoadingSpinner
DA:7,0
DA:8,0
LF:2
LH:0
BRDA:10,0,0,0
BRDA:10,0,1,0
BRF:2
BRH:0
end_of_record
TN:
SF:C:\Users\Oisin\Documents\GitHub\prescript-io\components\common\utils.js
FN:4,sendRegistrationEmail
FN:6,(anonymous_1)
FN:15,(anonymous_2)
FN:27,signOut
FN:28,(anonymous_4)
FN:30,(anonymous_5)
FNF:6
FNH:0
FNDA:0,sendRegistrationEmail
FNDA:0,(anonymous_1)
FNDA:0,(anonymous_2)
FNDA:0,signOut
FNDA:0,(anonymous_4)
FNDA:0,(anonymous_5)
DA:5,0
DA:7,0
DA:16,0
DA:28,0
DA:29,0
DA:31,0
DA:32,0
LF:7
LH:0
BRF:0
BRH:0
end_of_record
TN:
SF:C:\Users\Oisin\Documents\GitHub\prescript-io\components\themes\CustomTheme.js
FNF:0
FNH:0
DA:4,0
LF:1
LH:0
BRF:0
BRH:0
end_of_record
TN:
SF:C:\Users\Oisin\Documents\GitHub\prescript-io\components\themes\styles.js
FNF:0
FNH:0
LF:0
LH:0
BRF:0
BRH:0
end_of_record
